<?xml version='1.0' encoding='UTF-8'?>
<testsuite name="JUnit Jupiter" tests="137" skipped="0" failures="0" errors="20" time="44.649" hostname="CZ02282.local" timestamp="2025-05-06T17:10:56">
<properties>
[...]
</properties>
<testcase name="test_NodeUnknownRuleCheck1945927285049945955()" classname="jetbrains.mps.kotlin.test.scopes.JavaMemberVisibility_Test" time="0.036">
<system-out><![CDATA[
unique-id: [engine:junit-jupiter]/[class:jetbrains.mps.kotlin.test.scopes.JavaMemberVisibility_Test]/[method:test_NodeUnknownRuleCheck1945927285049945955()]
display-name: test_NodeUnknownRuleCheck1945927285049945955()
]]></system-out>
</testcase>
<testcase name="test_lookupExisting()" classname="jetbrains.mps.kotlin.test.hierarchy.AncestorFinders_Test" time="0.005">
<system-out><![CDATA[
unique-id: [engine:junit-jupiter]/[class:jetbrains.mps.kotlin.test.hierarchy.AncestorFinders_Test]/[method:test_lookupExisting()]
display-name: test_lookupExisting()
]]></system-out>
</testcase>
<testcase name="test_NodeUnknownRuleCheck1945927285049967535()" classname="jetbrains.mps.kotlin.test.scopes.JavaMemberVisibility_Test" time="0.036">
<system-out><![CDATA[
unique-id: [engine:junit-jupiter]/[class:jetbrains.mps.kotlin.test.scopes.JavaMemberVisibility_Test]/[method:test_NodeUnknownRuleCheck1945927285049967535()]
display-name: test_NodeUnknownRuleCheck1945927285049967535()
]]></system-out>
</testcase>
<testcase name="test_NodeUnknownRuleCheck2138970093539427331()" classname="jetbrains.mps.kotlin.test.scopes.StaticInstanceScope_Test" time="0.571">
<system-out><![CDATA[
unique-id: [engine:junit-jupiter]/[class:jetbrains.mps.kotlin.test.scopes.StaticInstanceScope_Test]/[method:test_NodeUnknownRuleCheck2138970093539427331()]
display-name: test_NodeUnknownRuleCheck2138970093539427331()
]]></system-out>
</testcase>
<testcase name="test_lookupFunctionType()" classname="jetbrains.mps.kotlin.test.hierarchy.AncestorFinders_Test" time="0.004">
<system-out><![CDATA[
unique-id: [engine:junit-jupiter]/[class:jetbrains.mps.kotlin.test.hierarchy.AncestorFinders_Test]/[method:test_lookupFunctionType()]
display-name: test_lookupFunctionType()
]]></system-out>
</testcase>
<testcase name="test_NodeUnknownRuleCheck2138970093539437810()" classname="jetbrains.mps.kotlin.test.scopes.StaticInstanceScope_Test" time="0.582">
<system-out><![CDATA[
unique-id: [engine:junit-jupiter]/[class:jetbrains.mps.kotlin.test.scopes.StaticInstanceScope_Test]/[method:test_NodeUnknownRuleCheck2138970093539437810()]
display-name: test_NodeUnknownRuleCheck2138970093539437810()
]]></system-out>
</testcase>
<testcase name="test_NodeUnknownRuleCheck2138970093539377677()" classname="jetbrains.mps.kotlin.test.scopes.StaticInstanceScope_Test" time="0.582">
<system-out><![CDATA[
unique-id: [engine:junit-jupiter]/[class:jetbrains.mps.kotlin.test.scopes.StaticInstanceScope_Test]/[method:test_NodeUnknownRuleCheck2138970093539377677()]
display-name: test_NodeUnknownRuleCheck2138970093539377677()
]]></system-out>
</testcase>
<testcase name="test_NodeUnknownRuleCheck2138970093537628262()" classname="jetbrains.mps.kotlin.test.scopes.TopLevelVisibility_Test" time="0.362">
<system-out><![CDATA[
unique-id: [engine:junit-jupiter]/[class:jetbrains.mps.kotlin.test.scopes.TopLevelVisibility_Test]/[method:test_NodeUnknownRuleCheck2138970093537628262()]
display-name: test_NodeUnknownRuleCheck2138970093537628262()
]]></system-out>
</testcase>
<testcase name="test_NodeUnknownRuleCheck2138970093537614126()" classname="jetbrains.mps.kotlin.test.scopes.TopLevelVisibility_Test" time="0.357">
<system-out><![CDATA[
unique-id: [engine:junit-jupiter]/[class:jetbrains.mps.kotlin.test.scopes.TopLevelVisibility_Test]/[method:test_NodeUnknownRuleCheck2138970093537614126()]
display-name: test_NodeUnknownRuleCheck2138970093537614126()
]]></system-out>
</testcase>
<testcase name="test_NodeUnknownRuleCheck2138970093537595736()" classname="jetbrains.mps.kotlin.test.scopes.TopLevelVisibility_Test" time="0.403">
<system-out><![CDATA[
unique-id: [engine:junit-jupiter]/[class:jetbrains.mps.kotlin.test.scopes.TopLevelVisibility_Test]/[method:test_NodeUnknownRuleCheck2138970093537595736()]
display-name: test_NodeUnknownRuleCheck2138970093537595736()
]]></system-out>
</testcase>
<testcase name="test_NodeUnknownRuleCheck2138970093537780359()" classname="jetbrains.mps.kotlin.test.scopes.TopLevelVisibility_Test" time="0.312">
<system-out><![CDATA[
unique-id: [engine:junit-jupiter]/[class:jetbrains.mps.kotlin.test.scopes.TopLevelVisibility_Test]/[method:test_NodeUnknownRuleCheck2138970093537780359()]
display-name: test_NodeUnknownRuleCheck2138970093537780359()
]]></system-out>
</testcase>
<testcase name="test_NodeUnknownRuleCheck181124551581762357()" classname="jetbrains.mps.kotlin.test.scopes.ClashingReceiver_Test" time="0.84">
<system-out><![CDATA[
unique-id: [engine:junit-jupiter]/[class:jetbrains.mps.kotlin.test.scopes.ClashingReceiver_Test]/[method:test_NodeUnknownRuleCheck181124551581762357()]
display-name: test_NodeUnknownRuleCheck181124551581762357()
]]></system-out>
</testcase>
<testcase name="test_ErrorMessagesCheck2138970093537959793()" classname="jetbrains.mps.kotlin.test.scopes.InnerClassVisibility_Test" time="0.218">
<system-out><![CDATA[
unique-id: [engine:junit-jupiter]/[class:jetbrains.mps.kotlin.test.scopes.InnerClassVisibility_Test]/[method:test_ErrorMessagesCheck2138970093537959793()]
display-name: test_ErrorMessagesCheck2138970093537959793()
]]></system-out>
</testcase>
<testcase name="test_NodeUnknownRuleCheck2138970093542224172()" classname="jetbrains.mps.kotlin.test.scopes.JavaInheritance_Test" time="0.1">
<system-out><![CDATA[
unique-id: [engine:junit-jupiter]/[class:jetbrains.mps.kotlin.test.scopes.JavaInheritance_Test]/[method:test_NodeUnknownRuleCheck2138970093542224172()]
display-name: test_NodeUnknownRuleCheck2138970093542224172()
]]></system-out>
</testcase>
<testcase name="test_ErrorMessagesCheck2138970093542265274()" classname="jetbrains.mps.kotlin.test.scopes.JavaInheritance_Test" time="0.093">
<error message="java.lang.AssertionError: The reference  getValue():int (getter) is out of search scope. Node &apos;getValue():int [780388659009346640]&apos;" type="java.lang.RuntimeException"><![CDATA[java.lang.RuntimeException: java.lang.AssertionError: The reference  getValue():int (getter) is out of search scope. Node 'getValue():int [780388659009346640]'
	at com.intellij.openapi.application.impl.LaterInvocator.invokeAndWait(LaterInvocator.java:136)
	at com.intellij.openapi.application.impl.ApplicationImpl.invokeAndWait(ApplicationImpl.java:491)
	at jetbrains.mps.ide.ThreadUtils.runInUIThreadAndWait(ThreadUtils.java:44)
	at j.m.l.test.runtime//jetbrains.mps.lang.test.runtime.BaseTestBody.runWithinCommand(BaseTestBody.java:157)
	at j.m.kotlin.test//jetbrains.mps.kotlin.test.scopes.JavaInheritance_Test$TestBody.test_ErrorMessagesCheck2138970093542265274(JavaInheritance_Test.java:69)
	at j.m.kotlin.test//jetbrains.mps.kotlin.test.scopes.JavaInheritance_Test.test_ErrorMessagesCheck2138970093542265274(JavaInheritance_Test.java:39)
	at java.base/jdk.internal.reflect.DirectMethodHandleAccessor.invoke(DirectMethodHandleAccessor.java:103)
	at java.base/java.lang.reflect.Method.invoke(Method.java:580)
	at org.junit.platform.commons.util.ReflectionUtils.invokeMethod(ReflectionUtils.java:727)
	at org.junit.jupiter.engine.execution.MethodInvocation.proceed(MethodInvocation.java:60)
	at org.junit.jupiter.engine.execution.InvocationInterceptorChain$ValidatingInvocation.proceed(InvocationInterceptorChain.java:131)
	at org.junit.jupiter.engine.extension.TimeoutExtension.intercept(TimeoutExtension.java:156)
	at org.junit.jupiter.engine.extension.TimeoutExtension.interceptTestableMethod(TimeoutExtension.java:147)
	at org.junit.jupiter.engine.extension.TimeoutExtension.interceptTestMethod(TimeoutExtension.java:86)
	at org.junit.jupiter.engine.execution.InterceptingExecutableInvoker$ReflectiveInterceptorCall.lambda$ofVoidMethod$0(InterceptingExecutableInvoker.java:103)
	at org.junit.jupiter.engine.execution.InterceptingExecutableInvoker.lambda$invoke$0(InterceptingExecutableInvoker.java:93)
	at org.junit.jupiter.engine.execution.InvocationInterceptorChain$InterceptedInvocation.proceed(InvocationInterceptorChain.java:106)
	at org.junit.jupiter.engine.execution.InvocationInterceptorChain.proceed(InvocationInterceptorChain.java:64)
	at org.junit.jupiter.engine.execution.InvocationInterceptorChain.chainAndInvoke(InvocationInterceptorChain.java:45)
	at org.junit.jupiter.engine.execution.InvocationInterceptorChain.invoke(InvocationInterceptorChain.java:37)
	at org.junit.jupiter.engine.execution.InterceptingExecutableInvoker.invoke(InterceptingExecutableInvoker.java:92)
	at org.junit.jupiter.engine.execution.InterceptingExecutableInvoker.invoke(InterceptingExecutableInvoker.java:86)
	at org.junit.jupiter.engine.descriptor.TestMethodTestDescriptor.lambda$invokeTestMethod$7(TestMethodTestDescriptor.java:217)
	at org.junit.platform.engine.support.hierarchical.ThrowableCollector.execute(ThrowableCollector.java:73)
	at org.junit.jupiter.engine.descriptor.TestMethodTestDescriptor.invokeTestMethod(TestMethodTestDescriptor.java:213)
	at org.junit.jupiter.engine.descriptor.TestMethodTestDescriptor.execute(TestMethodTestDescriptor.java:138)
	at org.junit.jupiter.engine.descriptor.TestMethodTestDescriptor.execute(TestMethodTestDescriptor.java:68)
	at org.junit.platform.engine.support.hierarchical.NodeTestTask.lambda$executeRecursively$6(NodeTestTask.java:151)
	at org.junit.platform.engine.support.hierarchical.ThrowableCollector.execute(ThrowableCollector.java:73)
	at org.junit.platform.engine.support.hierarchical.NodeTestTask.lambda$executeRecursively$8(NodeTestTask.java:141)
	at org.junit.platform.engine.support.hierarchical.Node.around(Node.java:137)
	at org.junit.platform.engine.support.hierarchical.NodeTestTask.lambda$executeRecursively$9(NodeTestTask.java:139)
	at org.junit.platform.engine.support.hierarchical.ThrowableCollector.execute(ThrowableCollector.java:73)
	at org.junit.platform.engine.support.hierarchical.NodeTestTask.executeRecursively(NodeTestTask.java:138)
	at org.junit.platform.engine.support.hierarchical.NodeTestTask.execute(NodeTestTask.java:95)
	at java.base/java.util.ArrayList.forEach(ArrayList.java:1596)
	at org.junit.platform.engine.support.hierarchical.SameThreadHierarchicalTestExecutorService.invokeAll(SameThreadHierarchicalTestExecutorService.java:41)
	at org.junit.platform.engine.support.hierarchical.NodeTestTask.lambda$executeRecursively$6(NodeTestTask.java:155)
	at org.junit.platform.engine.support.hierarchical.ThrowableCollector.execute(ThrowableCollector.java:73)
	at org.junit.platform.engine.support.hierarchical.NodeTestTask.lambda$executeRecursively$8(NodeTestTask.java:141)
	at org.junit.platform.engine.support.hierarchical.Node.around(Node.java:137)
	at org.junit.platform.engine.support.hierarchical.NodeTestTask.lambda$executeRecursively$9(NodeTestTask.java:139)
	at org.junit.platform.engine.support.hierarchical.ThrowableCollector.execute(ThrowableCollector.java:73)
	at org.junit.platform.engine.support.hierarchical.NodeTestTask.executeRecursively(NodeTestTask.java:138)
	at org.junit.platform.engine.support.hierarchical.NodeTestTask.execute(NodeTestTask.java:95)
	at java.base/java.util.ArrayList.forEach(ArrayList.java:1596)
	at org.junit.platform.engine.support.hierarchical.SameThreadHierarchicalTestExecutorService.invokeAll(SameThreadHierarchicalTestExecutorService.java:41)
	at org.junit.platform.engine.support.hierarchical.NodeTestTask.lambda$executeRecursively$6(NodeTestTask.java:155)
	at org.junit.platform.engine.support.hierarchical.ThrowableCollector.execute(ThrowableCollector.java:73)
	at org.junit.platform.engine.support.hierarchical.NodeTestTask.lambda$executeRecursively$8(NodeTestTask.java:141)
	at org.junit.platform.engine.support.hierarchical.Node.around(Node.java:137)
	at org.junit.platform.engine.support.hierarchical.NodeTestTask.lambda$executeRecursively$9(NodeTestTask.java:139)
	at org.junit.platform.engine.support.hierarchical.ThrowableCollector.execute(ThrowableCollector.java:73)
	at org.junit.platform.engine.support.hierarchical.NodeTestTask.executeRecursively(NodeTestTask.java:138)
	at org.junit.platform.engine.support.hierarchical.NodeTestTask.execute(NodeTestTask.java:95)
	at org.junit.platform.engine.support.hierarchical.SameThreadHierarchicalTestExecutorService.submit(SameThreadHierarchicalTestExecutorService.java:35)
	at org.junit.platform.engine.support.hierarchical.HierarchicalTestExecutor.execute(HierarchicalTestExecutor.java:57)
	at org.junit.platform.engine.support.hierarchical.HierarchicalTestEngine.execute(HierarchicalTestEngine.java:54)
	at org.junit.platform.launcher.core.EngineExecutionOrchestrator.execute(EngineExecutionOrchestrator.java:147)
	at org.junit.platform.launcher.core.EngineExecutionOrchestrator.execute(EngineExecutionOrchestrator.java:127)
	at org.junit.platform.launcher.core.EngineExecutionOrchestrator.execute(EngineExecutionOrchestrator.java:90)
	at org.junit.platform.launcher.core.EngineExecutionOrchestrator.lambda$execute$0(EngineExecutionOrchestrator.java:55)
	at org.junit.platform.launcher.core.EngineExecutionOrchestrator.withInterceptedStreams(EngineExecutionOrchestrator.java:102)
	at org.junit.platform.launcher.core.EngineExecutionOrchestrator.execute(EngineExecutionOrchestrator.java:54)
	at org.junit.platform.launcher.core.DefaultLauncher.execute(DefaultLauncher.java:114)
	at org.junit.platform.launcher.core.DefaultLauncher.execute(DefaultLauncher.java:86)
	at org.junit.platform.launcher.core.DefaultLauncherSession$DelegatingLauncher.execute(DefaultLauncherSession.java:86)
	at j.m.l.test.junit5//jetbrains.mps.lang.test.junit5.AbstractJUnit5Launcher.launchTests(AbstractJUnit5Launcher.java:87)
	at j.m.l.test.junit5//jetbrains.mps.lang.test.junit5.AbstractJUnit5Launcher.launchTestsWithContextCL(AbstractJUnit5Launcher.java:61)
	at j.m.l.test.junit5//jetbrains.mps.lang.test.junit5.AbstractJUnit5Launcher.launchTestsWithSession(AbstractJUnit5Launcher.java:47)
	at j.m.l.test.junit5//jetbrains.mps.lang.test.junit5.ScriptJUnit5Launcher.launchTests(ScriptJUnit5Launcher.java:37)
	at java.base/jdk.internal.reflect.DirectMethodHandleAccessor.invoke(DirectMethodHandleAccessor.java:103)
	at java.base/java.lang.reflect.Method.invoke(Method.java:580)
	at jetbrains.mps.lang.test.launcher.LaunchTestWorker.work(LaunchTestWorker.java:76)
	at jetbrains.mps.tool.builder.WorkerBase.workFromMain(WorkerBase.java:140)
	at jetbrains.mps.lang.test.launcher.LaunchTestWorker.main(LaunchTestWorker.java:106)
Caused by: java.lang.AssertionError: The reference  getValue():int (getter) is out of search scope. Node 'getValue():int [780388659009346640]'
	at org.junit.Assert.fail(Assert.java:89)
	at org.junit.Assert.assertTrue(Assert.java:42)
	at j.m.l.test.runtime//jetbrains.mps.lang.test.runtime.CheckErrorMessagesRunnable.run(CheckErrorMessagesRunnable.java:61)
	at j.m.kotlin.test//jetbrains.mps.kotlin.test.scopes.JavaInheritance_Test$TestBody.lambda$test_ErrorMessagesCheck2138970093542265274$2(JavaInheritance_Test.java:71)
	at j.m.l.test.runtime//jetbrains.mps.lang.test.runtime.BaseTestBody.lambda$runWithinCommand$1(BaseTestBody.java:161)
	at jetbrains.mps.smodel.WorkbenchModelAccess$UndoContextSetup.run(WorkbenchModelAccess.java:386)
	at jetbrains.mps.smodel.ActionDispatcher.dispatch(ActionDispatcher.java:98)
	at jetbrains.mps.smodel.ActionDispatcher.lambda$wrap$0(ActionDispatcher.java:135)
	at jetbrains.mps.smodel.ActionDispatcher.dispatch(ActionDispatcher.java:98)
	at jetbrains.mps.smodel.ActionDispatcher.lambda$wrap$0(ActionDispatcher.java:135)
	at jetbrains.mps.smodel.LockRunnable.run(LockRunnable.java:60)
	at jetbrains.mps.smodel.PlatformCancelBlock.run(PlatformCancelBlock.java:22)
	at com.intellij.openapi.application.impl.AnyThreadWriteThreadingSupport.runWriteAction$lambda$13(AnyThreadWriteThreadingSupport.kt:613)
	at com.intellij.openapi.application.impl.AnyThreadWriteThreadingSupport.runWriteAction$lambda$15(AnyThreadWriteThreadingSupport.kt:623)
	at com.intellij.openapi.application.impl.AnyThreadWriteThreadingSupport.runWithTemporaryThreadLocal(AnyThreadWriteThreadingSupport.kt:204)
	at com.intellij.openapi.application.impl.AnyThreadWriteThreadingSupport.runWriteAction(AnyThreadWriteThreadingSupport.kt:623)
	at com.intellij.openapi.application.impl.AnyThreadWriteThreadingSupport.runWriteAction(AnyThreadWriteThreadingSupport.kt:613)
	at com.intellij.openapi.application.impl.ApplicationImpl.runWriteAction(ApplicationImpl.java:988)
	at jetbrains.mps.smodel.TryRunPlatformWriteHelper.runWrite(TryRunPlatformWriteHelper.java:103)
	at jetbrains.mps.smodel.TryRunPlatformWriteHelper.lambda$withPlatformWrite$1(TryRunPlatformWriteHelper.java:96)
	at com.intellij.openapi.command.impl.CoreCommandProcessor.lambda$executeCommand$2(CoreCommandProcessor.java:228)
	at com.intellij.openapi.application.impl.AnyThreadWriteThreadingSupport.runWriteIntentReadAction$lambda$6(AnyThreadWriteThreadingSupport.kt:274)
	at com.intellij.openapi.application.impl.AnyThreadWriteThreadingSupport.runWithTemporaryThreadLocal(AnyThreadWriteThreadingSupport.kt:204)
	at com.intellij.openapi.application.impl.AnyThreadWriteThreadingSupport.runWriteIntentReadAction(AnyThreadWriteThreadingSupport.kt:274)
	at com.intellij.openapi.application.impl.AnyThreadWriteThreadingSupport.runWriteIntentReadAction(AnyThreadWriteThreadingSupport.kt:222)
	at com.intellij.openapi.application.impl.ApplicationImpl.runWriteIntentReadAction(ApplicationImpl.java:1009)
	at com.intellij.openapi.command.impl.CoreCommandProcessor.executeCommand(CoreCommandProcessor.java:224)
	at com.intellij.openapi.command.impl.CoreCommandProcessor.executeCommand(CoreCommandProcessor.java:179)
	at com.intellij.openapi.command.impl.CoreCommandProcessor.executeCommand(CoreCommandProcessor.java:169)
	at jetbrains.mps.smodel.WorkbenchModelAccess.executeCommand(WorkbenchModelAccess.java:321)
	at jetbrains.mps.smodel.ProjectModelAccess2.executeCommand(ProjectModelAccess2.java:36)
	at j.m.l.test.runtime//jetbrains.mps.lang.test.runtime.BaseTestBody.lambda$runWithinCommand$2(BaseTestBody.java:159)
	at jetbrains.mps.ide.ThreadUtils$LogExceptionsRunnable.run(ThreadUtils.java:86)
	at com.intellij.openapi.application.TransactionGuardImpl.runWithWritingAllowed(TransactionGuardImpl.java:240)
	at com.intellij.openapi.application.TransactionGuardImpl.access$100(TransactionGuardImpl.java:25)
	at com.intellij.openapi.application.TransactionGuardImpl$1.run(TransactionGuardImpl.java:202)
	at com.intellij.openapi.application.impl.AnyThreadWriteThreadingSupport.runIntendedWriteActionOnCurrentThread$lambda$7(AnyThreadWriteThreadingSupport.kt:319)
	at com.intellij.openapi.application.impl.AnyThreadWriteThreadingSupport.runWriteIntentReadAction$lambda$6(AnyThreadWriteThreadingSupport.kt:274)
	at com.intellij.openapi.application.impl.AnyThreadWriteThreadingSupport.runWithTemporaryThreadLocal(AnyThreadWriteThreadingSupport.kt:204)
	at com.intellij.openapi.application.impl.AnyThreadWriteThreadingSupport.runWriteIntentReadAction(AnyThreadWriteThreadingSupport.kt:274)
	at com.intellij.openapi.application.impl.AnyThreadWriteThreadingSupport.runWriteIntentReadAction(AnyThreadWriteThreadingSupport.kt:222)
	at com.intellij.openapi.application.impl.AnyThreadWriteThreadingSupport.runIntendedWriteActionOnCurrentThread(AnyThreadWriteThreadingSupport.kt:318)
	at com.intellij.openapi.application.impl.ApplicationImpl.runIntendedWriteActionOnCurrentThread(ApplicationImpl.java:928)
	at com.intellij.openapi.application.impl.ApplicationImpl$4.run(ApplicationImpl.java:501)
	at com.intellij.openapi.application.impl.AppImplKt.rethrowExceptions$lambda$2(appImpl.kt:66)
	at com.intellij.util.concurrency.ChildContext$runInChildContext$1.invoke(propagation.kt:102)
	at com.intellij.util.concurrency.ChildContext$runInChildContext$1.invoke(propagation.kt:102)
	at com.intellij.util.concurrency.ChildContext.runInChildContext(propagation.kt:108)
	at com.intellij.util.concurrency.ChildContext.runInChildContext(propagation.kt:102)
	at com.intellij.util.concurrency.ContextRunnable.run(ContextRunnable.java:27)
	at com.intellij.openapi.application.impl.AppImplKt.rethrowExceptions$lambda$3(appImpl.kt:77)
	at com.intellij.openapi.application.impl.LaterInvocator$1.run(LaterInvocator.java:105)
	at com.intellij.openapi.application.impl.FlushQueue.runNextEvent(FlushQueue.java:117)
	at com.intellij.openapi.application.impl.FlushQueue.flushNow(FlushQueue.java:43)
	at java.desktop/java.awt.event.InvocationEvent.dispatch(InvocationEvent.java:318)
	at java.desktop/java.awt.EventQueue.dispatchEventImpl(EventQueue.java:773)
	at java.desktop/java.awt.EventQueue$4.run(EventQueue.java:720)
	at java.desktop/java.awt.EventQueue$4.run(EventQueue.java:714)
	at java.base/java.security.AccessController.doPrivileged(AccessController.java:400)
	at java.base/java.security.ProtectionDomain$JavaSecurityAccessImpl.doIntersectionPrivilege(ProtectionDomain.java:87)
	at java.desktop/java.awt.EventQueue.dispatchEvent(EventQueue.java:742)
	at com.intellij.ide.IdeEventQueue.defaultDispatchEvent(IdeEventQueue.kt:585)
	at com.intellij.ide.IdeEventQueue._dispatchEvent(IdeEventQueue.kt:482)
	at com.intellij.ide.IdeEventQueue.dispatchEvent$lambda$12$lambda$11$lambda$10$lambda$9(IdeEventQueue.kt:307)
	at com.intellij.openapi.progress.impl.CoreProgressManager.computePrioritized(CoreProgressManager.java:864)
	at com.intellij.ide.IdeEventQueue.dispatchEvent$lambda$12$lambda$11$lambda$10(IdeEventQueue.kt:306)
	at com.intellij.ide.IdeEventQueueKt.performActivity$lambda$3(IdeEventQueue.kt:958)
	at com.intellij.openapi.application.TransactionGuardImpl.performActivity(TransactionGuardImpl.java:109)
	at com.intellij.ide.IdeEventQueueKt.performActivity(IdeEventQueue.kt:958)
	at com.intellij.ide.IdeEventQueue.dispatchEvent$lambda$12(IdeEventQueue.kt:301)
	at com.intellij.ide.IdeEventQueue.dispatchEvent(IdeEventQueue.kt:341)
	at java.desktop/java.awt.EventDispatchThread.pumpOneEventForFilters(EventDispatchThread.java:203)
	at java.desktop/java.awt.EventDispatchThread.pumpEventsForFilter(EventDispatchThread.java:124)
	at java.desktop/java.awt.EventDispatchThread.pumpEventsForHierarchy(EventDispatchThread.java:113)
	at java.desktop/java.awt.EventDispatchThread.pumpEvents(EventDispatchThread.java:109)
	at java.desktop/java.awt.EventDispatchThread.pumpEvents(EventDispatchThread.java:101)
	at java.desktop/java.awt.EventDispatchThread.run(EventDispatchThread.java:90)
	Suppressed: com.intellij.util.ExceptionUtilRt$RethrownStack: Rethrown at
		at com.intellij.util.ExceptionUtilRt.addRethrownStackAsSuppressed(ExceptionUtilRt.java:41)
		at com.intellij.util.ExceptionUtilRt.rethrowUnchecked(ExceptionUtilRt.java:16)
		at com.intellij.util.ExceptionUtil.rethrowUnchecked(ExceptionUtil.java:131)
		at com.intellij.openapi.command.impl.CommandProcessorImpl.finishCommand(CommandProcessorImpl.java:27)
		at com.intellij.openapi.command.impl.CoreCommandProcessor.lambda$executeCommand$1(CoreCommandProcessor.java:236)
		at com.intellij.openapi.progress.impl.CoreProgressManager.lambda$executeNonCancelableSection$3(CoreProgressManager.java:289)
		at com.intellij.openapi.progress.impl.CoreProgressManager.registerIndicatorAndRun(CoreProgressManager.java:755)
		at com.intellij.openapi.progress.impl.CoreProgressManager.computeUnderProgress(CoreProgressManager.java:711)
		at com.intellij.openapi.progress.impl.CoreProgressManager.lambda$computeInNonCancelableSection$4(CoreProgressManager.java:297)
		at com.intellij.openapi.progress.Cancellation.computeInNonCancelableSection(Cancellation.java:139)
		at com.intellij.openapi.progress.impl.CoreProgressManager.computeInNonCancelableSection(CoreProgressManager.java:297)
		at com.intellij.openapi.progress.impl.CoreProgressManager.executeNonCancelableSection(CoreProgressManager.java:288)
		at com.intellij.openapi.command.impl.CoreCommandProcessor.lambda$executeCommand$2(CoreCommandProcessor.java:235)
		... 56 more
]]></error>
<system-out><![CDATA[
unique-id: [engine:junit-jupiter]/[class:jetbrains.mps.kotlin.test.scopes.JavaInheritance_Test]/[method:test_ErrorMessagesCheck2138970093542265274()]
display-name: test_ErrorMessagesCheck2138970093542265274()
]]></system-out>
</testcase>
<testcase name="test_NodeWrongOverloadTargetCheck2138970093539263900()" classname="jetbrains.mps.kotlin.test.scopes.ClashingReceiver_Test" time="0.837">
<system-out><![CDATA[
unique-id: [engine:junit-jupiter]/[class:jetbrains.mps.kotlin.test.scopes.ClashingReceiver_Test]/[method:test_NodeWrongOverloadTargetCheck2138970093539263900()]
display-name: test_NodeWrongOverloadTargetCheck2138970093539263900()
]]></system-out>
</testcase>
<testcase name="test_NodeErrorCheck8097268326233066916()" classname="jetbrains.mps.kotlin.test.typesystem.LocalInference_Test" time="0.583">
<error message="java.lang.AssertionError: node &lt;LocalPropertyDeclaration [1343156647800931146]> does not have the expected &apos;error&apos; message &apos;&apos;" type="java.lang.RuntimeException"><![CDATA[java.lang.RuntimeException: java.lang.AssertionError: node <LocalPropertyDeclaration [1343156647800931146]> does not have the expected 'error' message ''
	at com.intellij.openapi.application.impl.LaterInvocator.invokeAndWait(LaterInvocator.java:136)
	at com.intellij.openapi.application.impl.ApplicationImpl.invokeAndWait(ApplicationImpl.java:491)
	at jetbrains.mps.ide.ThreadUtils.runInUIThreadAndWait(ThreadUtils.java:44)
	at j.m.l.test.runtime//jetbrains.mps.lang.test.runtime.BaseTestBody.runWithinCommand(BaseTestBody.java:157)
	at j.m.kotlin.test//jetbrains.mps.kotlin.test.typesystem.LocalInference_Test$TestBody.test_NodeErrorCheck8097268326233066916(LocalInference_Test.java:52)
	at j.m.kotlin.test//jetbrains.mps.kotlin.test.typesystem.LocalInference_Test.test_NodeErrorCheck8097268326233066916(LocalInference_Test.java:28)
	at java.base/jdk.internal.reflect.DirectMethodHandleAccessor.invoke(DirectMethodHandleAccessor.java:103)
	at java.base/java.lang.reflect.Method.invoke(Method.java:580)
	at org.junit.platform.commons.util.ReflectionUtils.invokeMethod(ReflectionUtils.java:727)
	at org.junit.jupiter.engine.execution.MethodInvocation.proceed(MethodInvocation.java:60)
	at org.junit.jupiter.engine.execution.InvocationInterceptorChain$ValidatingInvocation.proceed(InvocationInterceptorChain.java:131)
	at org.junit.jupiter.engine.extension.TimeoutExtension.intercept(TimeoutExtension.java:156)
	at org.junit.jupiter.engine.extension.TimeoutExtension.interceptTestableMethod(TimeoutExtension.java:147)
	at org.junit.jupiter.engine.extension.TimeoutExtension.interceptTestMethod(TimeoutExtension.java:86)
	at org.junit.jupiter.engine.execution.InterceptingExecutableInvoker$ReflectiveInterceptorCall.lambda$ofVoidMethod$0(InterceptingExecutableInvoker.java:103)
	at org.junit.jupiter.engine.execution.InterceptingExecutableInvoker.lambda$invoke$0(InterceptingExecutableInvoker.java:93)
	at org.junit.jupiter.engine.execution.InvocationInterceptorChain$InterceptedInvocation.proceed(InvocationInterceptorChain.java:106)
	at org.junit.jupiter.engine.execution.InvocationInterceptorChain.proceed(InvocationInterceptorChain.java:64)
	at org.junit.jupiter.engine.execution.InvocationInterceptorChain.chainAndInvoke(InvocationInterceptorChain.java:45)
	at org.junit.jupiter.engine.execution.InvocationInterceptorChain.invoke(InvocationInterceptorChain.java:37)
	at org.junit.jupiter.engine.execution.InterceptingExecutableInvoker.invoke(InterceptingExecutableInvoker.java:92)
	at org.junit.jupiter.engine.execution.InterceptingExecutableInvoker.invoke(InterceptingExecutableInvoker.java:86)
	at org.junit.jupiter.engine.descriptor.TestMethodTestDescriptor.lambda$invokeTestMethod$7(TestMethodTestDescriptor.java:217)
	at org.junit.platform.engine.support.hierarchical.ThrowableCollector.execute(ThrowableCollector.java:73)
	at org.junit.jupiter.engine.descriptor.TestMethodTestDescriptor.invokeTestMethod(TestMethodTestDescriptor.java:213)
	at org.junit.jupiter.engine.descriptor.TestMethodTestDescriptor.execute(TestMethodTestDescriptor.java:138)
	at org.junit.jupiter.engine.descriptor.TestMethodTestDescriptor.execute(TestMethodTestDescriptor.java:68)
	at org.junit.platform.engine.support.hierarchical.NodeTestTask.lambda$executeRecursively$6(NodeTestTask.java:151)
	at org.junit.platform.engine.support.hierarchical.ThrowableCollector.execute(ThrowableCollector.java:73)
	at org.junit.platform.engine.support.hierarchical.NodeTestTask.lambda$executeRecursively$8(NodeTestTask.java:141)
	at org.junit.platform.engine.support.hierarchical.Node.around(Node.java:137)
	at org.junit.platform.engine.support.hierarchical.NodeTestTask.lambda$executeRecursively$9(NodeTestTask.java:139)
	at org.junit.platform.engine.support.hierarchical.ThrowableCollector.execute(ThrowableCollector.java:73)
	at org.junit.platform.engine.support.hierarchical.NodeTestTask.executeRecursively(NodeTestTask.java:138)
	at org.junit.platform.engine.support.hierarchical.NodeTestTask.execute(NodeTestTask.java:95)
	at java.base/java.util.ArrayList.forEach(ArrayList.java:1596)
	at org.junit.platform.engine.support.hierarchical.SameThreadHierarchicalTestExecutorService.invokeAll(SameThreadHierarchicalTestExecutorService.java:41)
	at org.junit.platform.engine.support.hierarchical.NodeTestTask.lambda$executeRecursively$6(NodeTestTask.java:155)
	at org.junit.platform.engine.support.hierarchical.ThrowableCollector.execute(ThrowableCollector.java:73)
	at org.junit.platform.engine.support.hierarchical.NodeTestTask.lambda$executeRecursively$8(NodeTestTask.java:141)
	at org.junit.platform.engine.support.hierarchical.Node.around(Node.java:137)
	at org.junit.platform.engine.support.hierarchical.NodeTestTask.lambda$executeRecursively$9(NodeTestTask.java:139)
	at org.junit.platform.engine.support.hierarchical.ThrowableCollector.execute(ThrowableCollector.java:73)
	at org.junit.platform.engine.support.hierarchical.NodeTestTask.executeRecursively(NodeTestTask.java:138)
	at org.junit.platform.engine.support.hierarchical.NodeTestTask.execute(NodeTestTask.java:95)
	at java.base/java.util.ArrayList.forEach(ArrayList.java:1596)
	at org.junit.platform.engine.support.hierarchical.SameThreadHierarchicalTestExecutorService.invokeAll(SameThreadHierarchicalTestExecutorService.java:41)
	at org.junit.platform.engine.support.hierarchical.NodeTestTask.lambda$executeRecursively$6(NodeTestTask.java:155)
	at org.junit.platform.engine.support.hierarchical.ThrowableCollector.execute(ThrowableCollector.java:73)
	at org.junit.platform.engine.support.hierarchical.NodeTestTask.lambda$executeRecursively$8(NodeTestTask.java:141)
	at org.junit.platform.engine.support.hierarchical.Node.around(Node.java:137)
	at org.junit.platform.engine.support.hierarchical.NodeTestTask.lambda$executeRecursively$9(NodeTestTask.java:139)
	at org.junit.platform.engine.support.hierarchical.ThrowableCollector.execute(ThrowableCollector.java:73)
	at org.junit.platform.engine.support.hierarchical.NodeTestTask.executeRecursively(NodeTestTask.java:138)
	at org.junit.platform.engine.support.hierarchical.NodeTestTask.execute(NodeTestTask.java:95)
	at org.junit.platform.engine.support.hierarchical.SameThreadHierarchicalTestExecutorService.submit(SameThreadHierarchicalTestExecutorService.java:35)
	at org.junit.platform.engine.support.hierarchical.HierarchicalTestExecutor.execute(HierarchicalTestExecutor.java:57)
	at org.junit.platform.engine.support.hierarchical.HierarchicalTestEngine.execute(HierarchicalTestEngine.java:54)
	at org.junit.platform.launcher.core.EngineExecutionOrchestrator.execute(EngineExecutionOrchestrator.java:147)
	at org.junit.platform.launcher.core.EngineExecutionOrchestrator.execute(EngineExecutionOrchestrator.java:127)
	at org.junit.platform.launcher.core.EngineExecutionOrchestrator.execute(EngineExecutionOrchestrator.java:90)
	at org.junit.platform.launcher.core.EngineExecutionOrchestrator.lambda$execute$0(EngineExecutionOrchestrator.java:55)
	at org.junit.platform.launcher.core.EngineExecutionOrchestrator.withInterceptedStreams(EngineExecutionOrchestrator.java:102)
	at org.junit.platform.launcher.core.EngineExecutionOrchestrator.execute(EngineExecutionOrchestrator.java:54)
	at org.junit.platform.launcher.core.DefaultLauncher.execute(DefaultLauncher.java:114)
	at org.junit.platform.launcher.core.DefaultLauncher.execute(DefaultLauncher.java:86)
	at org.junit.platform.launcher.core.DefaultLauncherSession$DelegatingLauncher.execute(DefaultLauncherSession.java:86)
	at j.m.l.test.junit5//jetbrains.mps.lang.test.junit5.AbstractJUnit5Launcher.launchTests(AbstractJUnit5Launcher.java:87)
	at j.m.l.test.junit5//jetbrains.mps.lang.test.junit5.AbstractJUnit5Launcher.launchTestsWithContextCL(AbstractJUnit5Launcher.java:61)
	at j.m.l.test.junit5//jetbrains.mps.lang.test.junit5.AbstractJUnit5Launcher.launchTestsWithSession(AbstractJUnit5Launcher.java:47)
	at j.m.l.test.junit5//jetbrains.mps.lang.test.junit5.ScriptJUnit5Launcher.launchTests(ScriptJUnit5Launcher.java:37)
	at java.base/jdk.internal.reflect.DirectMethodHandleAccessor.invoke(DirectMethodHandleAccessor.java:103)
	at java.base/java.lang.reflect.Method.invoke(Method.java:580)
	at jetbrains.mps.lang.test.launcher.LaunchTestWorker.work(LaunchTestWorker.java:76)
	at jetbrains.mps.tool.builder.WorkerBase.workFromMain(WorkerBase.java:140)
	at jetbrains.mps.lang.test.launcher.LaunchTestWorker.main(LaunchTestWorker.java:106)
Caused by: java.lang.AssertionError: node <LocalPropertyDeclaration [1343156647800931146]> does not have the expected 'error' message ''
	at org.junit.Assert.fail(Assert.java:89)
	at org.junit.Assert.assertTrue(Assert.java:42)
	at j.m.l.test.runtime//jetbrains.mps.lang.test.runtime.CheckExpectedMessageRunnable.run(CheckExpectedMessageRunnable.java:56)
	at j.m.kotlin.test//jetbrains.mps.kotlin.test.typesystem.LocalInference_Test$TestBody.lambda$test_NodeErrorCheck8097268326233066916$0(LocalInference_Test.java:54)
	at j.m.l.test.runtime//jetbrains.mps.lang.test.runtime.BaseTestBody.lambda$runWithinCommand$1(BaseTestBody.java:161)
	at jetbrains.mps.smodel.WorkbenchModelAccess$UndoContextSetup.run(WorkbenchModelAccess.java:386)
	at jetbrains.mps.smodel.ActionDispatcher.dispatch(ActionDispatcher.java:98)
	at jetbrains.mps.smodel.ActionDispatcher.lambda$wrap$0(ActionDispatcher.java:135)
	at jetbrains.mps.smodel.ActionDispatcher.dispatch(ActionDispatcher.java:98)
	at jetbrains.mps.smodel.ActionDispatcher.lambda$wrap$0(ActionDispatcher.java:135)
	at jetbrains.mps.smodel.LockRunnable.run(LockRunnable.java:60)
	at jetbrains.mps.smodel.PlatformCancelBlock.run(PlatformCancelBlock.java:22)
	at com.intellij.openapi.application.impl.AnyThreadWriteThreadingSupport.runWriteAction$lambda$13(AnyThreadWriteThreadingSupport.kt:613)
	at com.intellij.openapi.application.impl.AnyThreadWriteThreadingSupport.runWriteAction$lambda$15(AnyThreadWriteThreadingSupport.kt:623)
	at com.intellij.openapi.application.impl.AnyThreadWriteThreadingSupport.runWithTemporaryThreadLocal(AnyThreadWriteThreadingSupport.kt:204)
	at com.intellij.openapi.application.impl.AnyThreadWriteThreadingSupport.runWriteAction(AnyThreadWriteThreadingSupport.kt:623)
	at com.intellij.openapi.application.impl.AnyThreadWriteThreadingSupport.runWriteAction(AnyThreadWriteThreadingSupport.kt:613)
	at com.intellij.openapi.application.impl.ApplicationImpl.runWriteAction(ApplicationImpl.java:988)
	at jetbrains.mps.smodel.TryRunPlatformWriteHelper.runWrite(TryRunPlatformWriteHelper.java:103)
	at jetbrains.mps.smodel.TryRunPlatformWriteHelper.lambda$withPlatformWrite$1(TryRunPlatformWriteHelper.java:96)
	at com.intellij.openapi.command.impl.CoreCommandProcessor.lambda$executeCommand$2(CoreCommandProcessor.java:228)
	at com.intellij.openapi.application.impl.AnyThreadWriteThreadingSupport.runWriteIntentReadAction$lambda$6(AnyThreadWriteThreadingSupport.kt:274)
	at com.intellij.openapi.application.impl.AnyThreadWriteThreadingSupport.runWithTemporaryThreadLocal(AnyThreadWriteThreadingSupport.kt:204)
	at com.intellij.openapi.application.impl.AnyThreadWriteThreadingSupport.runWriteIntentReadAction(AnyThreadWriteThreadingSupport.kt:274)
	at com.intellij.openapi.application.impl.AnyThreadWriteThreadingSupport.runWriteIntentReadAction(AnyThreadWriteThreadingSupport.kt:222)
	at com.intellij.openapi.application.impl.ApplicationImpl.runWriteIntentReadAction(ApplicationImpl.java:1009)
	at com.intellij.openapi.command.impl.CoreCommandProcessor.executeCommand(CoreCommandProcessor.java:224)
	at com.intellij.openapi.command.impl.CoreCommandProcessor.executeCommand(CoreCommandProcessor.java:179)
	at com.intellij.openapi.command.impl.CoreCommandProcessor.executeCommand(CoreCommandProcessor.java:169)
	at jetbrains.mps.smodel.WorkbenchModelAccess.executeCommand(WorkbenchModelAccess.java:321)
	at jetbrains.mps.smodel.ProjectModelAccess2.executeCommand(ProjectModelAccess2.java:36)
	at j.m.l.test.runtime//jetbrains.mps.lang.test.runtime.BaseTestBody.lambda$runWithinCommand$2(BaseTestBody.java:159)
	at jetbrains.mps.ide.ThreadUtils$LogExceptionsRunnable.run(ThreadUtils.java:86)
	at com.intellij.openapi.application.TransactionGuardImpl.runWithWritingAllowed(TransactionGuardImpl.java:240)
	at com.intellij.openapi.application.TransactionGuardImpl.access$100(TransactionGuardImpl.java:25)
	at com.intellij.openapi.application.TransactionGuardImpl$1.run(TransactionGuardImpl.java:202)
	at com.intellij.openapi.application.impl.AnyThreadWriteThreadingSupport.runIntendedWriteActionOnCurrentThread$lambda$7(AnyThreadWriteThreadingSupport.kt:319)
	at com.intellij.openapi.application.impl.AnyThreadWriteThreadingSupport.runWriteIntentReadAction$lambda$6(AnyThreadWriteThreadingSupport.kt:274)
	at com.intellij.openapi.application.impl.AnyThreadWriteThreadingSupport.runWithTemporaryThreadLocal(AnyThreadWriteThreadingSupport.kt:204)
	at com.intellij.openapi.application.impl.AnyThreadWriteThreadingSupport.runWriteIntentReadAction(AnyThreadWriteThreadingSupport.kt:274)
	at com.intellij.openapi.application.impl.AnyThreadWriteThreadingSupport.runWriteIntentReadAction(AnyThreadWriteThreadingSupport.kt:222)
	at com.intellij.openapi.application.impl.AnyThreadWriteThreadingSupport.runIntendedWriteActionOnCurrentThread(AnyThreadWriteThreadingSupport.kt:318)
	at com.intellij.openapi.application.impl.ApplicationImpl.runIntendedWriteActionOnCurrentThread(ApplicationImpl.java:928)
	at com.intellij.openapi.application.impl.ApplicationImpl$4.run(ApplicationImpl.java:501)
	at com.intellij.openapi.application.impl.AppImplKt.rethrowExceptions$lambda$2(appImpl.kt:66)
	at com.intellij.util.concurrency.ChildContext$runInChildContext$1.invoke(propagation.kt:102)
	at com.intellij.util.concurrency.ChildContext$runInChildContext$1.invoke(propagation.kt:102)
	at com.intellij.util.concurrency.ChildContext.runInChildContext(propagation.kt:108)
	at com.intellij.util.concurrency.ChildContext.runInChildContext(propagation.kt:102)
	at com.intellij.util.concurrency.ContextRunnable.run(ContextRunnable.java:27)
	at com.intellij.openapi.application.impl.AppImplKt.rethrowExceptions$lambda$3(appImpl.kt:77)
	at com.intellij.openapi.application.impl.LaterInvocator$1.run(LaterInvocator.java:105)
	at com.intellij.openapi.application.impl.FlushQueue.runNextEvent(FlushQueue.java:117)
	at com.intellij.openapi.application.impl.FlushQueue.flushNow(FlushQueue.java:43)
	at java.desktop/java.awt.event.InvocationEvent.dispatch(InvocationEvent.java:318)
	at java.desktop/java.awt.EventQueue.dispatchEventImpl(EventQueue.java:773)
	at java.desktop/java.awt.EventQueue$4.run(EventQueue.java:720)
	at java.desktop/java.awt.EventQueue$4.run(EventQueue.java:714)
	at java.base/java.security.AccessController.doPrivileged(AccessController.java:400)
	at java.base/java.security.ProtectionDomain$JavaSecurityAccessImpl.doIntersectionPrivilege(ProtectionDomain.java:87)
	at java.desktop/java.awt.EventQueue.dispatchEvent(EventQueue.java:742)
	at com.intellij.ide.IdeEventQueue.defaultDispatchEvent(IdeEventQueue.kt:585)
	at com.intellij.ide.IdeEventQueue._dispatchEvent(IdeEventQueue.kt:482)
	at com.intellij.ide.IdeEventQueue.dispatchEvent$lambda$12$lambda$11$lambda$10$lambda$9(IdeEventQueue.kt:307)
	at com.intellij.openapi.progress.impl.CoreProgressManager.computePrioritized(CoreProgressManager.java:864)
	at com.intellij.ide.IdeEventQueue.dispatchEvent$lambda$12$lambda$11$lambda$10(IdeEventQueue.kt:306)
	at com.intellij.ide.IdeEventQueueKt.performActivity$lambda$3(IdeEventQueue.kt:958)
	at com.intellij.openapi.application.TransactionGuardImpl.performActivity(TransactionGuardImpl.java:109)
	at com.intellij.ide.IdeEventQueueKt.performActivity(IdeEventQueue.kt:958)
	at com.intellij.ide.IdeEventQueue.dispatchEvent$lambda$12(IdeEventQueue.kt:301)
	at com.intellij.ide.IdeEventQueue.dispatchEvent(IdeEventQueue.kt:341)
	at java.desktop/java.awt.EventDispatchThread.pumpOneEventForFilters(EventDispatchThread.java:203)
	at java.desktop/java.awt.EventDispatchThread.pumpEventsForFilter(EventDispatchThread.java:124)
	at java.desktop/java.awt.EventDispatchThread.pumpEventsForHierarchy(EventDispatchThread.java:113)
	at java.desktop/java.awt.EventDispatchThread.pumpEvents(EventDispatchThread.java:109)
	at java.desktop/java.awt.EventDispatchThread.pumpEvents(EventDispatchThread.java:101)
	at java.desktop/java.awt.EventDispatchThread.run(EventDispatchThread.java:90)
	Suppressed: com.intellij.util.ExceptionUtilRt$RethrownStack: Rethrown at
		at com.intellij.util.ExceptionUtilRt.addRethrownStackAsSuppressed(ExceptionUtilRt.java:41)
		at com.intellij.util.ExceptionUtilRt.rethrowUnchecked(ExceptionUtilRt.java:16)
		at com.intellij.util.ExceptionUtil.rethrowUnchecked(ExceptionUtil.java:131)
		at com.intellij.openapi.command.impl.CommandProcessorImpl.finishCommand(CommandProcessorImpl.java:27)
		at com.intellij.openapi.command.impl.CoreCommandProcessor.lambda$executeCommand$1(CoreCommandProcessor.java:236)
		at com.intellij.openapi.progress.impl.CoreProgressManager.lambda$executeNonCancelableSection$3(CoreProgressManager.java:289)
		at com.intellij.openapi.progress.impl.CoreProgressManager.registerIndicatorAndRun(CoreProgressManager.java:755)
		at com.intellij.openapi.progress.impl.CoreProgressManager.computeUnderProgress(CoreProgressManager.java:711)
		at com.intellij.openapi.progress.impl.CoreProgressManager.lambda$computeInNonCancelableSection$4(CoreProgressManager.java:297)
		at com.intellij.openapi.progress.Cancellation.computeInNonCancelableSection(Cancellation.java:139)
		at com.intellij.openapi.progress.impl.CoreProgressManager.computeInNonCancelableSection(CoreProgressManager.java:297)
		at com.intellij.openapi.progress.impl.CoreProgressManager.executeNonCancelableSection(CoreProgressManager.java:288)
		at com.intellij.openapi.command.impl.CoreCommandProcessor.lambda$executeCommand$2(CoreCommandProcessor.java:235)
		... 56 more
]]></error>
<system-out><![CDATA[
unique-id: [engine:junit-jupiter]/[class:jetbrains.mps.kotlin.test.typesystem.LocalInference_Test]/[method:test_NodeErrorCheck8097268326233066916()]
display-name: test_NodeErrorCheck8097268326233066916()
]]></system-out>
</testcase>
<testcase name="test_NodeUnknownRuleCheck1945927285049511726()" classname="jetbrains.mps.kotlin.test.scopes.JavaMemberVisibility_Test" time="0.135">
<system-out><![CDATA[
unique-id: [engine:junit-jupiter]/[class:jetbrains.mps.kotlin.test.scopes.JavaMemberVisibility_Test]/[method:test_NodeUnknownRuleCheck1945927285049511726()]
display-name: test_NodeUnknownRuleCheck1945927285049511726()
]]></system-out>
</testcase>
<testcase name="test_ErrorMessagesCheck8097268326233052075()" classname="jetbrains.mps.kotlin.test.typesystem.IntersectionType_Test" time="0.196">
<error message="java.lang.AssertionError: none converts to ktClassType(&apos;In&apos; [projection(&apos;in&apos; &apos;false&apos; ktClassType(&apos;C&apos; []))]). Node &apos;. [1945927285047241745]&apos;" type="java.lang.RuntimeException"><![CDATA[java.lang.RuntimeException: java.lang.AssertionError: none converts to ktClassType('In' [projection('in' 'false' ktClassType('C' []))]). Node '. [1945927285047241745]'
	at com.intellij.openapi.application.impl.LaterInvocator.invokeAndWait(LaterInvocator.java:136)
	at com.intellij.openapi.application.impl.ApplicationImpl.invokeAndWait(ApplicationImpl.java:491)
	at jetbrains.mps.ide.ThreadUtils.runInUIThreadAndWait(ThreadUtils.java:44)
	at j.m.l.test.runtime//jetbrains.mps.lang.test.runtime.BaseTestBody.runWithinCommand(BaseTestBody.java:157)
	at j.m.kotlin.test//jetbrains.mps.kotlin.test.typesystem.IntersectionType_Test$TestBody.test_ErrorMessagesCheck8097268326233052075(IntersectionType_Test.java:79)
	at j.m.kotlin.test//jetbrains.mps.kotlin.test.typesystem.IntersectionType_Test.test_ErrorMessagesCheck8097268326233052075(IntersectionType_Test.java:42)
	at java.base/jdk.internal.reflect.DirectMethodHandleAccessor.invoke(DirectMethodHandleAccessor.java:103)
	at java.base/java.lang.reflect.Method.invoke(Method.java:580)
	at org.junit.platform.commons.util.ReflectionUtils.invokeMethod(ReflectionUtils.java:727)
	at org.junit.jupiter.engine.execution.MethodInvocation.proceed(MethodInvocation.java:60)
	at org.junit.jupiter.engine.execution.InvocationInterceptorChain$ValidatingInvocation.proceed(InvocationInterceptorChain.java:131)
	at org.junit.jupiter.engine.extension.TimeoutExtension.intercept(TimeoutExtension.java:156)
	at org.junit.jupiter.engine.extension.TimeoutExtension.interceptTestableMethod(TimeoutExtension.java:147)
	at org.junit.jupiter.engine.extension.TimeoutExtension.interceptTestMethod(TimeoutExtension.java:86)
	at org.junit.jupiter.engine.execution.InterceptingExecutableInvoker$ReflectiveInterceptorCall.lambda$ofVoidMethod$0(InterceptingExecutableInvoker.java:103)
	at org.junit.jupiter.engine.execution.InterceptingExecutableInvoker.lambda$invoke$0(InterceptingExecutableInvoker.java:93)
	at org.junit.jupiter.engine.execution.InvocationInterceptorChain$InterceptedInvocation.proceed(InvocationInterceptorChain.java:106)
	at org.junit.jupiter.engine.execution.InvocationInterceptorChain.proceed(InvocationInterceptorChain.java:64)
	at org.junit.jupiter.engine.execution.InvocationInterceptorChain.chainAndInvoke(InvocationInterceptorChain.java:45)
	at org.junit.jupiter.engine.execution.InvocationInterceptorChain.invoke(InvocationInterceptorChain.java:37)
	at org.junit.jupiter.engine.execution.InterceptingExecutableInvoker.invoke(InterceptingExecutableInvoker.java:92)
	at org.junit.jupiter.engine.execution.InterceptingExecutableInvoker.invoke(InterceptingExecutableInvoker.java:86)
	at org.junit.jupiter.engine.descriptor.TestMethodTestDescriptor.lambda$invokeTestMethod$7(TestMethodTestDescriptor.java:217)
	at org.junit.platform.engine.support.hierarchical.ThrowableCollector.execute(ThrowableCollector.java:73)
	at org.junit.jupiter.engine.descriptor.TestMethodTestDescriptor.invokeTestMethod(TestMethodTestDescriptor.java:213)
	at org.junit.jupiter.engine.descriptor.TestMethodTestDescriptor.execute(TestMethodTestDescriptor.java:138)
	at org.junit.jupiter.engine.descriptor.TestMethodTestDescriptor.execute(TestMethodTestDescriptor.java:68)
	at org.junit.platform.engine.support.hierarchical.NodeTestTask.lambda$executeRecursively$6(NodeTestTask.java:151)
	at org.junit.platform.engine.support.hierarchical.ThrowableCollector.execute(ThrowableCollector.java:73)
	at org.junit.platform.engine.support.hierarchical.NodeTestTask.lambda$executeRecursively$8(NodeTestTask.java:141)
	at org.junit.platform.engine.support.hierarchical.Node.around(Node.java:137)
	at org.junit.platform.engine.support.hierarchical.NodeTestTask.lambda$executeRecursively$9(NodeTestTask.java:139)
	at org.junit.platform.engine.support.hierarchical.ThrowableCollector.execute(ThrowableCollector.java:73)
	at org.junit.platform.engine.support.hierarchical.NodeTestTask.executeRecursively(NodeTestTask.java:138)
	at org.junit.platform.engine.support.hierarchical.NodeTestTask.execute(NodeTestTask.java:95)
	at java.base/java.util.ArrayList.forEach(ArrayList.java:1596)
	at org.junit.platform.engine.support.hierarchical.SameThreadHierarchicalTestExecutorService.invokeAll(SameThreadHierarchicalTestExecutorService.java:41)
	at org.junit.platform.engine.support.hierarchical.NodeTestTask.lambda$executeRecursively$6(NodeTestTask.java:155)
	at org.junit.platform.engine.support.hierarchical.ThrowableCollector.execute(ThrowableCollector.java:73)
	at org.junit.platform.engine.support.hierarchical.NodeTestTask.lambda$executeRecursively$8(NodeTestTask.java:141)
	at org.junit.platform.engine.support.hierarchical.Node.around(Node.java:137)
	at org.junit.platform.engine.support.hierarchical.NodeTestTask.lambda$executeRecursively$9(NodeTestTask.java:139)
	at org.junit.platform.engine.support.hierarchical.ThrowableCollector.execute(ThrowableCollector.java:73)
	at org.junit.platform.engine.support.hierarchical.NodeTestTask.executeRecursively(NodeTestTask.java:138)
	at org.junit.platform.engine.support.hierarchical.NodeTestTask.execute(NodeTestTask.java:95)
	at java.base/java.util.ArrayList.forEach(ArrayList.java:1596)
	at org.junit.platform.engine.support.hierarchical.SameThreadHierarchicalTestExecutorService.invokeAll(SameThreadHierarchicalTestExecutorService.java:41)
	at org.junit.platform.engine.support.hierarchical.NodeTestTask.lambda$executeRecursively$6(NodeTestTask.java:155)
	at org.junit.platform.engine.support.hierarchical.ThrowableCollector.execute(ThrowableCollector.java:73)
	at org.junit.platform.engine.support.hierarchical.NodeTestTask.lambda$executeRecursively$8(NodeTestTask.java:141)
	at org.junit.platform.engine.support.hierarchical.Node.around(Node.java:137)
	at org.junit.platform.engine.support.hierarchical.NodeTestTask.lambda$executeRecursively$9(NodeTestTask.java:139)
	at org.junit.platform.engine.support.hierarchical.ThrowableCollector.execute(ThrowableCollector.java:73)
	at org.junit.platform.engine.support.hierarchical.NodeTestTask.executeRecursively(NodeTestTask.java:138)
	at org.junit.platform.engine.support.hierarchical.NodeTestTask.execute(NodeTestTask.java:95)
	at org.junit.platform.engine.support.hierarchical.SameThreadHierarchicalTestExecutorService.submit(SameThreadHierarchicalTestExecutorService.java:35)
	at org.junit.platform.engine.support.hierarchical.HierarchicalTestExecutor.execute(HierarchicalTestExecutor.java:57)
	at org.junit.platform.engine.support.hierarchical.HierarchicalTestEngine.execute(HierarchicalTestEngine.java:54)
	at org.junit.platform.launcher.core.EngineExecutionOrchestrator.execute(EngineExecutionOrchestrator.java:147)
	at org.junit.platform.launcher.core.EngineExecutionOrchestrator.execute(EngineExecutionOrchestrator.java:127)
	at org.junit.platform.launcher.core.EngineExecutionOrchestrator.execute(EngineExecutionOrchestrator.java:90)
	at org.junit.platform.launcher.core.EngineExecutionOrchestrator.lambda$execute$0(EngineExecutionOrchestrator.java:55)
	at org.junit.platform.launcher.core.EngineExecutionOrchestrator.withInterceptedStreams(EngineExecutionOrchestrator.java:102)
	at org.junit.platform.launcher.core.EngineExecutionOrchestrator.execute(EngineExecutionOrchestrator.java:54)
	at org.junit.platform.launcher.core.DefaultLauncher.execute(DefaultLauncher.java:114)
	at org.junit.platform.launcher.core.DefaultLauncher.execute(DefaultLauncher.java:86)
	at org.junit.platform.launcher.core.DefaultLauncherSession$DelegatingLauncher.execute(DefaultLauncherSession.java:86)
	at j.m.l.test.junit5//jetbrains.mps.lang.test.junit5.AbstractJUnit5Launcher.launchTests(AbstractJUnit5Launcher.java:87)
	at j.m.l.test.junit5//jetbrains.mps.lang.test.junit5.AbstractJUnit5Launcher.launchTestsWithContextCL(AbstractJUnit5Launcher.java:61)
	at j.m.l.test.junit5//jetbrains.mps.lang.test.junit5.AbstractJUnit5Launcher.launchTestsWithSession(AbstractJUnit5Launcher.java:47)
	at j.m.l.test.junit5//jetbrains.mps.lang.test.junit5.ScriptJUnit5Launcher.launchTests(ScriptJUnit5Launcher.java:37)
	at java.base/jdk.internal.reflect.DirectMethodHandleAccessor.invoke(DirectMethodHandleAccessor.java:103)
	at java.base/java.lang.reflect.Method.invoke(Method.java:580)
	at jetbrains.mps.lang.test.launcher.LaunchTestWorker.work(LaunchTestWorker.java:76)
	at jetbrains.mps.tool.builder.WorkerBase.workFromMain(WorkerBase.java:140)
	at jetbrains.mps.lang.test.launcher.LaunchTestWorker.main(LaunchTestWorker.java:106)
Caused by: java.lang.AssertionError: none converts to ktClassType('In' [projection('in' 'false' ktClassType('C' []))]). Node '. [1945927285047241745]'
	at org.junit.Assert.fail(Assert.java:89)
	at org.junit.Assert.assertTrue(Assert.java:42)
	at j.m.l.test.runtime//jetbrains.mps.lang.test.runtime.CheckErrorMessagesRunnable.run(CheckErrorMessagesRunnable.java:61)
	at j.m.kotlin.test//jetbrains.mps.kotlin.test.typesystem.IntersectionType_Test$TestBody.lambda$test_ErrorMessagesCheck8097268326233052075$3(IntersectionType_Test.java:81)
	at j.m.l.test.runtime//jetbrains.mps.lang.test.runtime.BaseTestBody.lambda$runWithinCommand$1(BaseTestBody.java:161)
	at jetbrains.mps.smodel.WorkbenchModelAccess$UndoContextSetup.run(WorkbenchModelAccess.java:386)
	at jetbrains.mps.smodel.ActionDispatcher.dispatch(ActionDispatcher.java:98)
	at jetbrains.mps.smodel.ActionDispatcher.lambda$wrap$0(ActionDispatcher.java:135)
	at jetbrains.mps.smodel.ActionDispatcher.dispatch(ActionDispatcher.java:98)
	at jetbrains.mps.smodel.ActionDispatcher.lambda$wrap$0(ActionDispatcher.java:135)
	at jetbrains.mps.smodel.LockRunnable.run(LockRunnable.java:60)
	at jetbrains.mps.smodel.PlatformCancelBlock.run(PlatformCancelBlock.java:22)
	at com.intellij.openapi.application.impl.AnyThreadWriteThreadingSupport.runWriteAction$lambda$13(AnyThreadWriteThreadingSupport.kt:613)
	at com.intellij.openapi.application.impl.AnyThreadWriteThreadingSupport.runWriteAction$lambda$15(AnyThreadWriteThreadingSupport.kt:623)
	at com.intellij.openapi.application.impl.AnyThreadWriteThreadingSupport.runWithTemporaryThreadLocal(AnyThreadWriteThreadingSupport.kt:204)
	at com.intellij.openapi.application.impl.AnyThreadWriteThreadingSupport.runWriteAction(AnyThreadWriteThreadingSupport.kt:623)
	at com.intellij.openapi.application.impl.AnyThreadWriteThreadingSupport.runWriteAction(AnyThreadWriteThreadingSupport.kt:613)
	at com.intellij.openapi.application.impl.ApplicationImpl.runWriteAction(ApplicationImpl.java:988)
	at jetbrains.mps.smodel.TryRunPlatformWriteHelper.runWrite(TryRunPlatformWriteHelper.java:103)
	at jetbrains.mps.smodel.TryRunPlatformWriteHelper.lambda$withPlatformWrite$1(TryRunPlatformWriteHelper.java:96)
	at com.intellij.openapi.command.impl.CoreCommandProcessor.lambda$executeCommand$2(CoreCommandProcessor.java:228)
	at com.intellij.openapi.application.impl.AnyThreadWriteThreadingSupport.runWriteIntentReadAction$lambda$6(AnyThreadWriteThreadingSupport.kt:274)
	at com.intellij.openapi.application.impl.AnyThreadWriteThreadingSupport.runWithTemporaryThreadLocal(AnyThreadWriteThreadingSupport.kt:204)
	at com.intellij.openapi.application.impl.AnyThreadWriteThreadingSupport.runWriteIntentReadAction(AnyThreadWriteThreadingSupport.kt:274)
	at com.intellij.openapi.application.impl.AnyThreadWriteThreadingSupport.runWriteIntentReadAction(AnyThreadWriteThreadingSupport.kt:222)
	at com.intellij.openapi.application.impl.ApplicationImpl.runWriteIntentReadAction(ApplicationImpl.java:1009)
	at com.intellij.openapi.command.impl.CoreCommandProcessor.executeCommand(CoreCommandProcessor.java:224)
	at com.intellij.openapi.command.impl.CoreCommandProcessor.executeCommand(CoreCommandProcessor.java:179)
	at com.intellij.openapi.command.impl.CoreCommandProcessor.executeCommand(CoreCommandProcessor.java:169)
	at jetbrains.mps.smodel.WorkbenchModelAccess.executeCommand(WorkbenchModelAccess.java:321)
	at jetbrains.mps.smodel.ProjectModelAccess2.executeCommand(ProjectModelAccess2.java:36)
	at j.m.l.test.runtime//jetbrains.mps.lang.test.runtime.BaseTestBody.lambda$runWithinCommand$2(BaseTestBody.java:159)
	at jetbrains.mps.ide.ThreadUtils$LogExceptionsRunnable.run(ThreadUtils.java:86)
	at com.intellij.openapi.application.TransactionGuardImpl.runWithWritingAllowed(TransactionGuardImpl.java:240)
	at com.intellij.openapi.application.TransactionGuardImpl.access$100(TransactionGuardImpl.java:25)
	at com.intellij.openapi.application.TransactionGuardImpl$1.run(TransactionGuardImpl.java:202)
	at com.intellij.openapi.application.impl.AnyThreadWriteThreadingSupport.runIntendedWriteActionOnCurrentThread$lambda$7(AnyThreadWriteThreadingSupport.kt:319)
	at com.intellij.openapi.application.impl.AnyThreadWriteThreadingSupport.runWriteIntentReadAction$lambda$6(AnyThreadWriteThreadingSupport.kt:274)
	at com.intellij.openapi.application.impl.AnyThreadWriteThreadingSupport.runWithTemporaryThreadLocal(AnyThreadWriteThreadingSupport.kt:204)
	at com.intellij.openapi.application.impl.AnyThreadWriteThreadingSupport.runWriteIntentReadAction(AnyThreadWriteThreadingSupport.kt:274)
	at com.intellij.openapi.application.impl.AnyThreadWriteThreadingSupport.runWriteIntentReadAction(AnyThreadWriteThreadingSupport.kt:222)
	at com.intellij.openapi.application.impl.AnyThreadWriteThreadingSupport.runIntendedWriteActionOnCurrentThread(AnyThreadWriteThreadingSupport.kt:318)
	at com.intellij.openapi.application.impl.ApplicationImpl.runIntendedWriteActionOnCurrentThread(ApplicationImpl.java:928)
	at com.intellij.openapi.application.impl.ApplicationImpl$4.run(ApplicationImpl.java:501)
	at com.intellij.openapi.application.impl.AppImplKt.rethrowExceptions$lambda$2(appImpl.kt:66)
	at com.intellij.util.concurrency.ChildContext$runInChildContext$1.invoke(propagation.kt:102)
	at com.intellij.util.concurrency.ChildContext$runInChildContext$1.invoke(propagation.kt:102)
	at com.intellij.util.concurrency.ChildContext.runInChildContext(propagation.kt:108)
	at com.intellij.util.concurrency.ChildContext.runInChildContext(propagation.kt:102)
	at com.intellij.util.concurrency.ContextRunnable.run(ContextRunnable.java:27)
	at com.intellij.openapi.application.impl.AppImplKt.rethrowExceptions$lambda$3(appImpl.kt:77)
	at com.intellij.openapi.application.impl.LaterInvocator$1.run(LaterInvocator.java:105)
	at com.intellij.openapi.application.impl.FlushQueue.runNextEvent(FlushQueue.java:117)
	at com.intellij.openapi.application.impl.FlushQueue.flushNow(FlushQueue.java:43)
	at java.desktop/java.awt.event.InvocationEvent.dispatch(InvocationEvent.java:318)
	at java.desktop/java.awt.EventQueue.dispatchEventImpl(EventQueue.java:773)
	at java.desktop/java.awt.EventQueue$4.run(EventQueue.java:720)
	at java.desktop/java.awt.EventQueue$4.run(EventQueue.java:714)
	at java.base/java.security.AccessController.doPrivileged(AccessController.java:400)
	at java.base/java.security.ProtectionDomain$JavaSecurityAccessImpl.doIntersectionPrivilege(ProtectionDomain.java:87)
	at java.desktop/java.awt.EventQueue.dispatchEvent(EventQueue.java:742)
	at com.intellij.ide.IdeEventQueue.defaultDispatchEvent(IdeEventQueue.kt:585)
	at com.intellij.ide.IdeEventQueue._dispatchEvent(IdeEventQueue.kt:482)
	at com.intellij.ide.IdeEventQueue.dispatchEvent$lambda$12$lambda$11$lambda$10$lambda$9(IdeEventQueue.kt:307)
	at com.intellij.openapi.progress.impl.CoreProgressManager.computePrioritized(CoreProgressManager.java:864)
	at com.intellij.ide.IdeEventQueue.dispatchEvent$lambda$12$lambda$11$lambda$10(IdeEventQueue.kt:306)
	at com.intellij.ide.IdeEventQueueKt.performActivity$lambda$3(IdeEventQueue.kt:958)
	at com.intellij.openapi.application.TransactionGuardImpl.performActivity(TransactionGuardImpl.java:109)
	at com.intellij.ide.IdeEventQueueKt.performActivity(IdeEventQueue.kt:958)
	at com.intellij.ide.IdeEventQueue.dispatchEvent$lambda$12(IdeEventQueue.kt:301)
	at com.intellij.ide.IdeEventQueue.dispatchEvent(IdeEventQueue.kt:341)
	at java.desktop/java.awt.EventDispatchThread.pumpOneEventForFilters(EventDispatchThread.java:203)
	at java.desktop/java.awt.EventDispatchThread.pumpEventsForFilter(EventDispatchThread.java:124)
	at java.desktop/java.awt.EventDispatchThread.pumpEventsForHierarchy(EventDispatchThread.java:113)
	at java.desktop/java.awt.EventDispatchThread.pumpEvents(EventDispatchThread.java:109)
	at java.desktop/java.awt.EventDispatchThread.pumpEvents(EventDispatchThread.java:101)
	at java.desktop/java.awt.EventDispatchThread.run(EventDispatchThread.java:90)
	Suppressed: com.intellij.util.ExceptionUtilRt$RethrownStack: Rethrown at
		at com.intellij.util.ExceptionUtilRt.addRethrownStackAsSuppressed(ExceptionUtilRt.java:41)
		at com.intellij.util.ExceptionUtilRt.rethrowUnchecked(ExceptionUtilRt.java:16)
		at com.intellij.util.ExceptionUtil.rethrowUnchecked(ExceptionUtil.java:131)
		at com.intellij.openapi.command.impl.CommandProcessorImpl.finishCommand(CommandProcessorImpl.java:27)
		at com.intellij.openapi.command.impl.CoreCommandProcessor.lambda$executeCommand$1(CoreCommandProcessor.java:236)
		at com.intellij.openapi.progress.impl.CoreProgressManager.lambda$executeNonCancelableSection$3(CoreProgressManager.java:289)
		at com.intellij.openapi.progress.impl.CoreProgressManager.registerIndicatorAndRun(CoreProgressManager.java:755)
		at com.intellij.openapi.progress.impl.CoreProgressManager.computeUnderProgress(CoreProgressManager.java:711)
		at com.intellij.openapi.progress.impl.CoreProgressManager.lambda$computeInNonCancelableSection$4(CoreProgressManager.java:297)
		at com.intellij.openapi.progress.Cancellation.computeInNonCancelableSection(Cancellation.java:139)
		at com.intellij.openapi.progress.impl.CoreProgressManager.computeInNonCancelableSection(CoreProgressManager.java:297)
		at com.intellij.openapi.progress.impl.CoreProgressManager.executeNonCancelableSection(CoreProgressManager.java:288)
		at com.intellij.openapi.command.impl.CoreCommandProcessor.lambda$executeCommand$2(CoreCommandProcessor.java:235)
		... 56 more
]]></error>
<system-out><![CDATA[
unique-id: [engine:junit-jupiter]/[class:jetbrains.mps.kotlin.test.typesystem.IntersectionType_Test]/[method:test_ErrorMessagesCheck8097268326233052075()]
display-name: test_ErrorMessagesCheck8097268326233052075()
]]></system-out>
</testcase>
<testcase name="test_regularReceiver()" classname="jetbrains.mps.kotlin.test.scopes.ReceiverScope_Test" time="0.019">
<system-out><![CDATA[
unique-id: [engine:junit-jupiter]/[class:jetbrains.mps.kotlin.test.scopes.ReceiverScope_Test]/[method:test_regularReceiver()]
display-name: test_regularReceiver()
]]></system-out>
</testcase>
<testcase name="test_NodeErrorCheck2138970093540821721()" classname="jetbrains.mps.kotlin.test.scopes.AmbiguousScope_Test" time="0.105">
<error message="java.lang.AssertionError: node &lt;. [4177826728360723731]> does not have the expected &apos;error&apos; message &apos;&apos;" type="java.lang.RuntimeException"><![CDATA[java.lang.RuntimeException: java.lang.AssertionError: node <. [4177826728360723731]> does not have the expected 'error' message ''
	at com.intellij.openapi.application.impl.LaterInvocator.invokeAndWait(LaterInvocator.java:136)
	at com.intellij.openapi.application.impl.ApplicationImpl.invokeAndWait(ApplicationImpl.java:491)
	at jetbrains.mps.ide.ThreadUtils.runInUIThreadAndWait(ThreadUtils.java:44)
	at j.m.l.test.runtime//jetbrains.mps.lang.test.runtime.BaseTestBody.runWithinCommand(BaseTestBody.java:157)
	at j.m.kotlin.test//jetbrains.mps.kotlin.test.scopes.AmbiguousScope_Test$TestBody.test_NodeErrorCheck2138970093540821721(AmbiguousScope_Test.java:44)
	at j.m.kotlin.test//jetbrains.mps.kotlin.test.scopes.AmbiguousScope_Test.test_NodeErrorCheck2138970093540821721(AmbiguousScope_Test.java:28)
	at java.base/jdk.internal.reflect.DirectMethodHandleAccessor.invoke(DirectMethodHandleAccessor.java:103)
	at java.base/java.lang.reflect.Method.invoke(Method.java:580)
	at org.junit.platform.commons.util.ReflectionUtils.invokeMethod(ReflectionUtils.java:727)
	at org.junit.jupiter.engine.execution.MethodInvocation.proceed(MethodInvocation.java:60)
	at org.junit.jupiter.engine.execution.InvocationInterceptorChain$ValidatingInvocation.proceed(InvocationInterceptorChain.java:131)
	at org.junit.jupiter.engine.extension.TimeoutExtension.intercept(TimeoutExtension.java:156)
	at org.junit.jupiter.engine.extension.TimeoutExtension.interceptTestableMethod(TimeoutExtension.java:147)
	at org.junit.jupiter.engine.extension.TimeoutExtension.interceptTestMethod(TimeoutExtension.java:86)
	at org.junit.jupiter.engine.execution.InterceptingExecutableInvoker$ReflectiveInterceptorCall.lambda$ofVoidMethod$0(InterceptingExecutableInvoker.java:103)
	at org.junit.jupiter.engine.execution.InterceptingExecutableInvoker.lambda$invoke$0(InterceptingExecutableInvoker.java:93)
	at org.junit.jupiter.engine.execution.InvocationInterceptorChain$InterceptedInvocation.proceed(InvocationInterceptorChain.java:106)
	at org.junit.jupiter.engine.execution.InvocationInterceptorChain.proceed(InvocationInterceptorChain.java:64)
	at org.junit.jupiter.engine.execution.InvocationInterceptorChain.chainAndInvoke(InvocationInterceptorChain.java:45)
	at org.junit.jupiter.engine.execution.InvocationInterceptorChain.invoke(InvocationInterceptorChain.java:37)
	at org.junit.jupiter.engine.execution.InterceptingExecutableInvoker.invoke(InterceptingExecutableInvoker.java:92)
	at org.junit.jupiter.engine.execution.InterceptingExecutableInvoker.invoke(InterceptingExecutableInvoker.java:86)
	at org.junit.jupiter.engine.descriptor.TestMethodTestDescriptor.lambda$invokeTestMethod$7(TestMethodTestDescriptor.java:217)
	at org.junit.platform.engine.support.hierarchical.ThrowableCollector.execute(ThrowableCollector.java:73)
	at org.junit.jupiter.engine.descriptor.TestMethodTestDescriptor.invokeTestMethod(TestMethodTestDescriptor.java:213)
	at org.junit.jupiter.engine.descriptor.TestMethodTestDescriptor.execute(TestMethodTestDescriptor.java:138)
	at org.junit.jupiter.engine.descriptor.TestMethodTestDescriptor.execute(TestMethodTestDescriptor.java:68)
	at org.junit.platform.engine.support.hierarchical.NodeTestTask.lambda$executeRecursively$6(NodeTestTask.java:151)
	at org.junit.platform.engine.support.hierarchical.ThrowableCollector.execute(ThrowableCollector.java:73)
	at org.junit.platform.engine.support.hierarchical.NodeTestTask.lambda$executeRecursively$8(NodeTestTask.java:141)
	at org.junit.platform.engine.support.hierarchical.Node.around(Node.java:137)
	at org.junit.platform.engine.support.hierarchical.NodeTestTask.lambda$executeRecursively$9(NodeTestTask.java:139)
	at org.junit.platform.engine.support.hierarchical.ThrowableCollector.execute(ThrowableCollector.java:73)
	at org.junit.platform.engine.support.hierarchical.NodeTestTask.executeRecursively(NodeTestTask.java:138)
	at org.junit.platform.engine.support.hierarchical.NodeTestTask.execute(NodeTestTask.java:95)
	at java.base/java.util.ArrayList.forEach(ArrayList.java:1596)
	at org.junit.platform.engine.support.hierarchical.SameThreadHierarchicalTestExecutorService.invokeAll(SameThreadHierarchicalTestExecutorService.java:41)
	at org.junit.platform.engine.support.hierarchical.NodeTestTask.lambda$executeRecursively$6(NodeTestTask.java:155)
	at org.junit.platform.engine.support.hierarchical.ThrowableCollector.execute(ThrowableCollector.java:73)
	at org.junit.platform.engine.support.hierarchical.NodeTestTask.lambda$executeRecursively$8(NodeTestTask.java:141)
	at org.junit.platform.engine.support.hierarchical.Node.around(Node.java:137)
	at org.junit.platform.engine.support.hierarchical.NodeTestTask.lambda$executeRecursively$9(NodeTestTask.java:139)
	at org.junit.platform.engine.support.hierarchical.ThrowableCollector.execute(ThrowableCollector.java:73)
	at org.junit.platform.engine.support.hierarchical.NodeTestTask.executeRecursively(NodeTestTask.java:138)
	at org.junit.platform.engine.support.hierarchical.NodeTestTask.execute(NodeTestTask.java:95)
	at java.base/java.util.ArrayList.forEach(ArrayList.java:1596)
	at org.junit.platform.engine.support.hierarchical.SameThreadHierarchicalTestExecutorService.invokeAll(SameThreadHierarchicalTestExecutorService.java:41)
	at org.junit.platform.engine.support.hierarchical.NodeTestTask.lambda$executeRecursively$6(NodeTestTask.java:155)
	at org.junit.platform.engine.support.hierarchical.ThrowableCollector.execute(ThrowableCollector.java:73)
	at org.junit.platform.engine.support.hierarchical.NodeTestTask.lambda$executeRecursively$8(NodeTestTask.java:141)
	at org.junit.platform.engine.support.hierarchical.Node.around(Node.java:137)
	at org.junit.platform.engine.support.hierarchical.NodeTestTask.lambda$executeRecursively$9(NodeTestTask.java:139)
	at org.junit.platform.engine.support.hierarchical.ThrowableCollector.execute(ThrowableCollector.java:73)
	at org.junit.platform.engine.support.hierarchical.NodeTestTask.executeRecursively(NodeTestTask.java:138)
	at org.junit.platform.engine.support.hierarchical.NodeTestTask.execute(NodeTestTask.java:95)
	at org.junit.platform.engine.support.hierarchical.SameThreadHierarchicalTestExecutorService.submit(SameThreadHierarchicalTestExecutorService.java:35)
	at org.junit.platform.engine.support.hierarchical.HierarchicalTestExecutor.execute(HierarchicalTestExecutor.java:57)
	at org.junit.platform.engine.support.hierarchical.HierarchicalTestEngine.execute(HierarchicalTestEngine.java:54)
	at org.junit.platform.launcher.core.EngineExecutionOrchestrator.execute(EngineExecutionOrchestrator.java:147)
	at org.junit.platform.launcher.core.EngineExecutionOrchestrator.execute(EngineExecutionOrchestrator.java:127)
	at org.junit.platform.launcher.core.EngineExecutionOrchestrator.execute(EngineExecutionOrchestrator.java:90)
	at org.junit.platform.launcher.core.EngineExecutionOrchestrator.lambda$execute$0(EngineExecutionOrchestrator.java:55)
	at org.junit.platform.launcher.core.EngineExecutionOrchestrator.withInterceptedStreams(EngineExecutionOrchestrator.java:102)
	at org.junit.platform.launcher.core.EngineExecutionOrchestrator.execute(EngineExecutionOrchestrator.java:54)
	at org.junit.platform.launcher.core.DefaultLauncher.execute(DefaultLauncher.java:114)
	at org.junit.platform.launcher.core.DefaultLauncher.execute(DefaultLauncher.java:86)
	at org.junit.platform.launcher.core.DefaultLauncherSession$DelegatingLauncher.execute(DefaultLauncherSession.java:86)
	at j.m.l.test.junit5//jetbrains.mps.lang.test.junit5.AbstractJUnit5Launcher.launchTests(AbstractJUnit5Launcher.java:87)
	at j.m.l.test.junit5//jetbrains.mps.lang.test.junit5.AbstractJUnit5Launcher.launchTestsWithContextCL(AbstractJUnit5Launcher.java:61)
	at j.m.l.test.junit5//jetbrains.mps.lang.test.junit5.AbstractJUnit5Launcher.launchTestsWithSession(AbstractJUnit5Launcher.java:47)
	at j.m.l.test.junit5//jetbrains.mps.lang.test.junit5.ScriptJUnit5Launcher.launchTests(ScriptJUnit5Launcher.java:37)
	at java.base/jdk.internal.reflect.DirectMethodHandleAccessor.invoke(DirectMethodHandleAccessor.java:103)
	at java.base/java.lang.reflect.Method.invoke(Method.java:580)
	at jetbrains.mps.lang.test.launcher.LaunchTestWorker.work(LaunchTestWorker.java:76)
	at jetbrains.mps.tool.builder.WorkerBase.workFromMain(WorkerBase.java:140)
	at jetbrains.mps.lang.test.launcher.LaunchTestWorker.main(LaunchTestWorker.java:106)
Caused by: java.lang.AssertionError: node <. [4177826728360723731]> does not have the expected 'error' message ''
	at org.junit.Assert.fail(Assert.java:89)
	at org.junit.Assert.assertTrue(Assert.java:42)
	at j.m.l.test.runtime//jetbrains.mps.lang.test.runtime.CheckExpectedMessageRunnable.run(CheckExpectedMessageRunnable.java:56)
	at j.m.kotlin.test//jetbrains.mps.kotlin.test.scopes.AmbiguousScope_Test$TestBody.lambda$test_NodeErrorCheck2138970093540821721$0(AmbiguousScope_Test.java:46)
	at j.m.l.test.runtime//jetbrains.mps.lang.test.runtime.BaseTestBody.lambda$runWithinCommand$1(BaseTestBody.java:161)
	at jetbrains.mps.smodel.WorkbenchModelAccess$UndoContextSetup.run(WorkbenchModelAccess.java:386)
	at jetbrains.mps.smodel.ActionDispatcher.dispatch(ActionDispatcher.java:98)
	at jetbrains.mps.smodel.ActionDispatcher.lambda$wrap$0(ActionDispatcher.java:135)
	at jetbrains.mps.smodel.ActionDispatcher.dispatch(ActionDispatcher.java:98)
	at jetbrains.mps.smodel.ActionDispatcher.lambda$wrap$0(ActionDispatcher.java:135)
	at jetbrains.mps.smodel.LockRunnable.run(LockRunnable.java:60)
	at jetbrains.mps.smodel.PlatformCancelBlock.run(PlatformCancelBlock.java:22)
	at com.intellij.openapi.application.impl.AnyThreadWriteThreadingSupport.runWriteAction$lambda$13(AnyThreadWriteThreadingSupport.kt:613)
	at com.intellij.openapi.application.impl.AnyThreadWriteThreadingSupport.runWriteAction$lambda$15(AnyThreadWriteThreadingSupport.kt:623)
	at com.intellij.openapi.application.impl.AnyThreadWriteThreadingSupport.runWithTemporaryThreadLocal(AnyThreadWriteThreadingSupport.kt:204)
	at com.intellij.openapi.application.impl.AnyThreadWriteThreadingSupport.runWriteAction(AnyThreadWriteThreadingSupport.kt:623)
	at com.intellij.openapi.application.impl.AnyThreadWriteThreadingSupport.runWriteAction(AnyThreadWriteThreadingSupport.kt:613)
	at com.intellij.openapi.application.impl.ApplicationImpl.runWriteAction(ApplicationImpl.java:988)
	at jetbrains.mps.smodel.TryRunPlatformWriteHelper.runWrite(TryRunPlatformWriteHelper.java:103)
	at jetbrains.mps.smodel.TryRunPlatformWriteHelper.lambda$withPlatformWrite$1(TryRunPlatformWriteHelper.java:96)
	at com.intellij.openapi.command.impl.CoreCommandProcessor.lambda$executeCommand$2(CoreCommandProcessor.java:228)
	at com.intellij.openapi.application.impl.AnyThreadWriteThreadingSupport.runWriteIntentReadAction$lambda$6(AnyThreadWriteThreadingSupport.kt:274)
	at com.intellij.openapi.application.impl.AnyThreadWriteThreadingSupport.runWithTemporaryThreadLocal(AnyThreadWriteThreadingSupport.kt:204)
	at com.intellij.openapi.application.impl.AnyThreadWriteThreadingSupport.runWriteIntentReadAction(AnyThreadWriteThreadingSupport.kt:274)
	at com.intellij.openapi.application.impl.AnyThreadWriteThreadingSupport.runWriteIntentReadAction(AnyThreadWriteThreadingSupport.kt:222)
	at com.intellij.openapi.application.impl.ApplicationImpl.runWriteIntentReadAction(ApplicationImpl.java:1009)
	at com.intellij.openapi.command.impl.CoreCommandProcessor.executeCommand(CoreCommandProcessor.java:224)
	at com.intellij.openapi.command.impl.CoreCommandProcessor.executeCommand(CoreCommandProcessor.java:179)
	at com.intellij.openapi.command.impl.CoreCommandProcessor.executeCommand(CoreCommandProcessor.java:169)
	at jetbrains.mps.smodel.WorkbenchModelAccess.executeCommand(WorkbenchModelAccess.java:321)
	at jetbrains.mps.smodel.ProjectModelAccess2.executeCommand(ProjectModelAccess2.java:36)
	at j.m.l.test.runtime//jetbrains.mps.lang.test.runtime.BaseTestBody.lambda$runWithinCommand$2(BaseTestBody.java:159)
	at jetbrains.mps.ide.ThreadUtils$LogExceptionsRunnable.run(ThreadUtils.java:86)
	at com.intellij.openapi.application.TransactionGuardImpl.runWithWritingAllowed(TransactionGuardImpl.java:240)
	at com.intellij.openapi.application.TransactionGuardImpl.access$100(TransactionGuardImpl.java:25)
	at com.intellij.openapi.application.TransactionGuardImpl$1.run(TransactionGuardImpl.java:202)
	at com.intellij.openapi.application.impl.AnyThreadWriteThreadingSupport.runIntendedWriteActionOnCurrentThread$lambda$7(AnyThreadWriteThreadingSupport.kt:319)
	at com.intellij.openapi.application.impl.AnyThreadWriteThreadingSupport.runWriteIntentReadAction$lambda$6(AnyThreadWriteThreadingSupport.kt:274)
	at com.intellij.openapi.application.impl.AnyThreadWriteThreadingSupport.runWithTemporaryThreadLocal(AnyThreadWriteThreadingSupport.kt:204)
	at com.intellij.openapi.application.impl.AnyThreadWriteThreadingSupport.runWriteIntentReadAction(AnyThreadWriteThreadingSupport.kt:274)
	at com.intellij.openapi.application.impl.AnyThreadWriteThreadingSupport.runWriteIntentReadAction(AnyThreadWriteThreadingSupport.kt:222)
	at com.intellij.openapi.application.impl.AnyThreadWriteThreadingSupport.runIntendedWriteActionOnCurrentThread(AnyThreadWriteThreadingSupport.kt:318)
	at com.intellij.openapi.application.impl.ApplicationImpl.runIntendedWriteActionOnCurrentThread(ApplicationImpl.java:928)
	at com.intellij.openapi.application.impl.ApplicationImpl$4.run(ApplicationImpl.java:501)
	at com.intellij.openapi.application.impl.AppImplKt.rethrowExceptions$lambda$2(appImpl.kt:66)
	at com.intellij.util.concurrency.ChildContext$runInChildContext$1.invoke(propagation.kt:102)
	at com.intellij.util.concurrency.ChildContext$runInChildContext$1.invoke(propagation.kt:102)
	at com.intellij.util.concurrency.ChildContext.runInChildContext(propagation.kt:108)
	at com.intellij.util.concurrency.ChildContext.runInChildContext(propagation.kt:102)
	at com.intellij.util.concurrency.ContextRunnable.run(ContextRunnable.java:27)
	at com.intellij.openapi.application.impl.AppImplKt.rethrowExceptions$lambda$3(appImpl.kt:77)
	at com.intellij.openapi.application.impl.LaterInvocator$1.run(LaterInvocator.java:105)
	at com.intellij.openapi.application.impl.FlushQueue.runNextEvent(FlushQueue.java:117)
	at com.intellij.openapi.application.impl.FlushQueue.flushNow(FlushQueue.java:43)
	at java.desktop/java.awt.event.InvocationEvent.dispatch(InvocationEvent.java:318)
	at java.desktop/java.awt.EventQueue.dispatchEventImpl(EventQueue.java:773)
	at java.desktop/java.awt.EventQueue$4.run(EventQueue.java:720)
	at java.desktop/java.awt.EventQueue$4.run(EventQueue.java:714)
	at java.base/java.security.AccessController.doPrivileged(AccessController.java:400)
	at java.base/java.security.ProtectionDomain$JavaSecurityAccessImpl.doIntersectionPrivilege(ProtectionDomain.java:87)
	at java.desktop/java.awt.EventQueue.dispatchEvent(EventQueue.java:742)
	at com.intellij.ide.IdeEventQueue.defaultDispatchEvent(IdeEventQueue.kt:585)
	at com.intellij.ide.IdeEventQueue._dispatchEvent(IdeEventQueue.kt:482)
	at com.intellij.ide.IdeEventQueue.dispatchEvent$lambda$12$lambda$11$lambda$10$lambda$9(IdeEventQueue.kt:307)
	at com.intellij.openapi.progress.impl.CoreProgressManager.computePrioritized(CoreProgressManager.java:864)
	at com.intellij.ide.IdeEventQueue.dispatchEvent$lambda$12$lambda$11$lambda$10(IdeEventQueue.kt:306)
	at com.intellij.ide.IdeEventQueueKt.performActivity$lambda$3(IdeEventQueue.kt:958)
	at com.intellij.openapi.application.TransactionGuardImpl.performActivity(TransactionGuardImpl.java:109)
	at com.intellij.ide.IdeEventQueueKt.performActivity(IdeEventQueue.kt:958)
	at com.intellij.ide.IdeEventQueue.dispatchEvent$lambda$12(IdeEventQueue.kt:301)
	at com.intellij.ide.IdeEventQueue.dispatchEvent(IdeEventQueue.kt:341)
	at java.desktop/java.awt.EventDispatchThread.pumpOneEventForFilters(EventDispatchThread.java:203)
	at java.desktop/java.awt.EventDispatchThread.pumpEventsForFilter(EventDispatchThread.java:124)
	at java.desktop/java.awt.EventDispatchThread.pumpEventsForHierarchy(EventDispatchThread.java:113)
	at java.desktop/java.awt.EventDispatchThread.pumpEvents(EventDispatchThread.java:109)
	at java.desktop/java.awt.EventDispatchThread.pumpEvents(EventDispatchThread.java:101)
	at java.desktop/java.awt.EventDispatchThread.run(EventDispatchThread.java:90)
	Suppressed: com.intellij.util.ExceptionUtilRt$RethrownStack: Rethrown at
		at com.intellij.util.ExceptionUtilRt.addRethrownStackAsSuppressed(ExceptionUtilRt.java:41)
		at com.intellij.util.ExceptionUtilRt.rethrowUnchecked(ExceptionUtilRt.java:16)
		at com.intellij.util.ExceptionUtil.rethrowUnchecked(ExceptionUtil.java:131)
		at com.intellij.openapi.command.impl.CommandProcessorImpl.finishCommand(CommandProcessorImpl.java:27)
		at com.intellij.openapi.command.impl.CoreCommandProcessor.lambda$executeCommand$1(CoreCommandProcessor.java:236)
		at com.intellij.openapi.progress.impl.CoreProgressManager.lambda$executeNonCancelableSection$3(CoreProgressManager.java:289)
		at com.intellij.openapi.progress.impl.CoreProgressManager.registerIndicatorAndRun(CoreProgressManager.java:755)
		at com.intellij.openapi.progress.impl.CoreProgressManager.computeUnderProgress(CoreProgressManager.java:711)
		at com.intellij.openapi.progress.impl.CoreProgressManager.lambda$computeInNonCancelableSection$4(CoreProgressManager.java:297)
[...]
	at com.intellij.openapi.application.impl.ApplicationImpl.invokeAndWait(ApplicationImpl.java:491)
	at jetbrains.mps.ide.ThreadUtils.runInUIThreadAndWait(ThreadUtils.java:44)
	at j.m.l.test.runtime//jetbrains.mps.lang.test.runtime.BaseTestBody.runWithinCommand(BaseTestBody.java:157)
	at j.m.kotlin.test//jetbrains.mps.kotlin.test.scopes.JavaMemberVisibility_Test$TestBody.test_NodeErrorCheck1945927285049879481(JavaMemberVisibility_Test.java:126)
	at j.m.kotlin.test//jetbrains.mps.kotlin.test.scopes.JavaMemberVisibility_Test.test_NodeErrorCheck1945927285049879481(JavaMemberVisibility_Test.java:35)
	at java.base/jdk.internal.reflect.DirectMethodHandleAccessor.invoke(DirectMethodHandleAccessor.java:103)
	at java.base/java.lang.reflect.Method.invoke(Method.java:580)
	at org.junit.platform.commons.util.ReflectionUtils.invokeMethod(ReflectionUtils.java:727)
	at org.junit.jupiter.engine.execution.MethodInvocation.proceed(MethodInvocation.java:60)
	at org.junit.jupiter.engine.execution.InvocationInterceptorChain$ValidatingInvocation.proceed(InvocationInterceptorChain.java:131)
	at org.junit.jupiter.engine.extension.TimeoutExtension.intercept(TimeoutExtension.java:156)
	at org.junit.jupiter.engine.extension.TimeoutExtension.interceptTestableMethod(TimeoutExtension.java:147)
	at org.junit.jupiter.engine.extension.TimeoutExtension.interceptTestMethod(TimeoutExtension.java:86)
	at org.junit.jupiter.engine.execution.InterceptingExecutableInvoker$ReflectiveInterceptorCall.lambda$ofVoidMethod$0(InterceptingExecutableInvoker.java:103)
	at org.junit.jupiter.engine.execution.InterceptingExecutableInvoker.lambda$invoke$0(InterceptingExecutableInvoker.java:93)
	at org.junit.jupiter.engine.execution.InvocationInterceptorChain$InterceptedInvocation.proceed(InvocationInterceptorChain.java:106)
	at org.junit.jupiter.engine.execution.InvocationInterceptorChain.proceed(InvocationInterceptorChain.java:64)
	at org.junit.jupiter.engine.execution.InvocationInterceptorChain.chainAndInvoke(InvocationInterceptorChain.java:45)
	at org.junit.jupiter.engine.execution.InvocationInterceptorChain.invoke(InvocationInterceptorChain.java:37)
	at org.junit.jupiter.engine.execution.InterceptingExecutableInvoker.invoke(InterceptingExecutableInvoker.java:92)
	at org.junit.jupiter.engine.execution.InterceptingExecutableInvoker.invoke(InterceptingExecutableInvoker.java:86)
	at org.junit.jupiter.engine.descriptor.TestMethodTestDescriptor.lambda$invokeTestMethod$7(TestMethodTestDescriptor.java:217)
	at org.junit.platform.engine.support.hierarchical.ThrowableCollector.execute(ThrowableCollector.java:73)
	at org.junit.jupiter.engine.descriptor.TestMethodTestDescriptor.invokeTestMethod(TestMethodTestDescriptor.java:213)
	at org.junit.jupiter.engine.descriptor.TestMethodTestDescriptor.execute(TestMethodTestDescriptor.java:138)
	at org.junit.jupiter.engine.descriptor.TestMethodTestDescriptor.execute(TestMethodTestDescriptor.java:68)
	at org.junit.platform.engine.support.hierarchical.NodeTestTask.lambda$executeRecursively$6(NodeTestTask.java:151)
	at org.junit.platform.engine.support.hierarchical.ThrowableCollector.execute(ThrowableCollector.java:73)
	at org.junit.platform.engine.support.hierarchical.NodeTestTask.lambda$executeRecursively$8(NodeTestTask.java:141)
	at org.junit.platform.engine.support.hierarchical.Node.around(Node.java:137)
	at org.junit.platform.engine.support.hierarchical.NodeTestTask.lambda$executeRecursively$9(NodeTestTask.java:139)
	at org.junit.platform.engine.support.hierarchical.ThrowableCollector.execute(ThrowableCollector.java:73)
	at org.junit.platform.engine.support.hierarchical.NodeTestTask.executeRecursively(NodeTestTask.java:138)
	at org.junit.platform.engine.support.hierarchical.NodeTestTask.execute(NodeTestTask.java:95)
	at java.base/java.util.ArrayList.forEach(ArrayList.java:1596)
	at org.junit.platform.engine.support.hierarchical.SameThreadHierarchicalTestExecutorService.invokeAll(SameThreadHierarchicalTestExecutorService.java:41)
	at org.junit.platform.engine.support.hierarchical.NodeTestTask.lambda$executeRecursively$6(NodeTestTask.java:155)
	at org.junit.platform.engine.support.hierarchical.ThrowableCollector.execute(ThrowableCollector.java:73)
	at org.junit.platform.engine.support.hierarchical.NodeTestTask.lambda$executeRecursively$8(NodeTestTask.java:141)
	at org.junit.platform.engine.support.hierarchical.Node.around(Node.java:137)
	at org.junit.platform.engine.support.hierarchical.NodeTestTask.lambda$executeRecursively$9(NodeTestTask.java:139)
	at org.junit.platform.engine.support.hierarchical.ThrowableCollector.execute(ThrowableCollector.java:73)
	at org.junit.platform.engine.support.hierarchical.NodeTestTask.executeRecursively(NodeTestTask.java:138)
	at org.junit.platform.engine.support.hierarchical.NodeTestTask.execute(NodeTestTask.java:95)
	at java.base/java.util.ArrayList.forEach(ArrayList.java:1596)
	at org.junit.platform.engine.support.hierarchical.SameThreadHierarchicalTestExecutorService.invokeAll(SameThreadHierarchicalTestExecutorService.java:41)
	at org.junit.platform.engine.support.hierarchical.NodeTestTask.lambda$executeRecursively$6(NodeTestTask.java:155)
	at org.junit.platform.engine.support.hierarchical.ThrowableCollector.execute(ThrowableCollector.java:73)
	at org.junit.platform.engine.support.hierarchical.NodeTestTask.lambda$executeRecursively$8(NodeTestTask.java:141)
	at org.junit.platform.engine.support.hierarchical.Node.around(Node.java:137)
	at org.junit.platform.engine.support.hierarchical.NodeTestTask.lambda$executeRecursively$9(NodeTestTask.java:139)
	at org.junit.platform.engine.support.hierarchical.ThrowableCollector.execute(ThrowableCollector.java:73)
	at org.junit.platform.engine.support.hierarchical.NodeTestTask.executeRecursively(NodeTestTask.java:138)
	at org.junit.platform.engine.support.hierarchical.NodeTestTask.execute(NodeTestTask.java:95)
	at org.junit.platform.engine.support.hierarchical.SameThreadHierarchicalTestExecutorService.submit(SameThreadHierarchicalTestExecutorService.java:35)
	at org.junit.platform.engine.support.hierarchical.HierarchicalTestExecutor.execute(HierarchicalTestExecutor.java:57)
	at org.junit.platform.engine.support.hierarchical.HierarchicalTestEngine.execute(HierarchicalTestEngine.java:54)
	at org.junit.platform.launcher.core.EngineExecutionOrchestrator.execute(EngineExecutionOrchestrator.java:147)
	at org.junit.platform.launcher.core.EngineExecutionOrchestrator.execute(EngineExecutionOrchestrator.java:127)
	at org.junit.platform.launcher.core.EngineExecutionOrchestrator.execute(EngineExecutionOrchestrator.java:90)
	at org.junit.platform.launcher.core.EngineExecutionOrchestrator.lambda$execute$0(EngineExecutionOrchestrator.java:55)
	at org.junit.platform.launcher.core.EngineExecutionOrchestrator.withInterceptedStreams(EngineExecutionOrchestrator.java:102)
	at org.junit.platform.launcher.core.EngineExecutionOrchestrator.execute(EngineExecutionOrchestrator.java:54)
	at org.junit.platform.launcher.core.DefaultLauncher.execute(DefaultLauncher.java:114)
	at org.junit.platform.launcher.core.DefaultLauncher.execute(DefaultLauncher.java:86)
	at org.junit.platform.launcher.core.DefaultLauncherSession$DelegatingLauncher.execute(DefaultLauncherSession.java:86)
	at j.m.l.test.junit5//jetbrains.mps.lang.test.junit5.AbstractJUnit5Launcher.launchTests(AbstractJUnit5Launcher.java:87)
	at j.m.l.test.junit5//jetbrains.mps.lang.test.junit5.AbstractJUnit5Launcher.launchTestsWithContextCL(AbstractJUnit5Launcher.java:61)
	at j.m.l.test.junit5//jetbrains.mps.lang.test.junit5.AbstractJUnit5Launcher.launchTestsWithSession(AbstractJUnit5Launcher.java:47)
	at j.m.l.test.junit5//jetbrains.mps.lang.test.junit5.ScriptJUnit5Launcher.launchTests(ScriptJUnit5Launcher.java:37)
	at java.base/jdk.internal.reflect.DirectMethodHandleAccessor.invoke(DirectMethodHandleAccessor.java:103)
	at java.base/java.lang.reflect.Method.invoke(Method.java:580)
	at jetbrains.mps.lang.test.launcher.LaunchTestWorker.work(LaunchTestWorker.java:76)
	at jetbrains.mps.tool.builder.WorkerBase.workFromMain(WorkerBase.java:140)
	at jetbrains.mps.lang.test.launcher.LaunchTestWorker.main(LaunchTestWorker.java:106)
Caused by: java.lang.AssertionError: node <. [3400299585404646598]> does not have the expected 'error' message ''
	at org.junit.Assert.fail(Assert.java:89)
	at org.junit.Assert.assertTrue(Assert.java:42)
	at j.m.l.test.runtime//jetbrains.mps.lang.test.runtime.CheckExpectedMessageRunnable.run(CheckExpectedMessageRunnable.java:56)
	at j.m.kotlin.test//jetbrains.mps.kotlin.test.scopes.JavaMemberVisibility_Test$TestBody.lambda$test_NodeErrorCheck1945927285049879481$1(JavaMemberVisibility_Test.java:128)
	at j.m.l.test.runtime//jetbrains.mps.lang.test.runtime.BaseTestBody.lambda$runWithinCommand$1(BaseTestBody.java:161)
	at jetbrains.mps.smodel.WorkbenchModelAccess$UndoContextSetup.run(WorkbenchModelAccess.java:386)
	at jetbrains.mps.smodel.ActionDispatcher.dispatch(ActionDispatcher.java:98)
	at jetbrains.mps.smodel.ActionDispatcher.lambda$wrap$0(ActionDispatcher.java:135)
	at jetbrains.mps.smodel.ActionDispatcher.dispatch(ActionDispatcher.java:98)
	at jetbrains.mps.smodel.ActionDispatcher.lambda$wrap$0(ActionDispatcher.java:135)
	at jetbrains.mps.smodel.LockRunnable.run(LockRunnable.java:60)
	at jetbrains.mps.smodel.PlatformCancelBlock.run(PlatformCancelBlock.java:22)
	at com.intellij.openapi.application.impl.AnyThreadWriteThreadingSupport.runWriteAction$lambda$13(AnyThreadWriteThreadingSupport.kt:613)
	at com.intellij.openapi.application.impl.AnyThreadWriteThreadingSupport.runWriteAction$lambda$15(AnyThreadWriteThreadingSupport.kt:623)
	at com.intellij.openapi.application.impl.AnyThreadWriteThreadingSupport.runWithTemporaryThreadLocal(AnyThreadWriteThreadingSupport.kt:204)
	at com.intellij.openapi.application.impl.AnyThreadWriteThreadingSupport.runWriteAction(AnyThreadWriteThreadingSupport.kt:623)
	at com.intellij.openapi.application.impl.AnyThreadWriteThreadingSupport.runWriteAction(AnyThreadWriteThreadingSupport.kt:613)
	at com.intellij.openapi.application.impl.ApplicationImpl.runWriteAction(ApplicationImpl.java:988)
	at jetbrains.mps.smodel.TryRunPlatformWriteHelper.runWrite(TryRunPlatformWriteHelper.java:103)
	at jetbrains.mps.smodel.TryRunPlatformWriteHelper.lambda$withPlatformWrite$1(TryRunPlatformWriteHelper.java:96)
	at com.intellij.openapi.command.impl.CoreCommandProcessor.lambda$executeCommand$2(CoreCommandProcessor.java:228)
	at com.intellij.openapi.application.impl.AnyThreadWriteThreadingSupport.runWriteIntentReadAction$lambda$6(AnyThreadWriteThreadingSupport.kt:274)
	at com.intellij.openapi.application.impl.AnyThreadWriteThreadingSupport.runWithTemporaryThreadLocal(AnyThreadWriteThreadingSupport.kt:204)
	at com.intellij.openapi.application.impl.AnyThreadWriteThreadingSupport.runWriteIntentReadAction(AnyThreadWriteThreadingSupport.kt:274)
	at com.intellij.openapi.application.impl.AnyThreadWriteThreadingSupport.runWriteIntentReadAction(AnyThreadWriteThreadingSupport.kt:222)
	at com.intellij.openapi.application.impl.ApplicationImpl.runWriteIntentReadAction(ApplicationImpl.java:1009)
	at com.intellij.openapi.command.impl.CoreCommandProcessor.executeCommand(CoreCommandProcessor.java:224)
	at com.intellij.openapi.command.impl.CoreCommandProcessor.executeCommand(CoreCommandProcessor.java:179)
	at com.intellij.openapi.command.impl.CoreCommandProcessor.executeCommand(CoreCommandProcessor.java:169)
	at jetbrains.mps.smodel.WorkbenchModelAccess.executeCommand(WorkbenchModelAccess.java:321)
	at jetbrains.mps.smodel.ProjectModelAccess2.executeCommand(ProjectModelAccess2.java:36)
	at j.m.l.test.runtime//jetbrains.mps.lang.test.runtime.BaseTestBody.lambda$runWithinCommand$2(BaseTestBody.java:159)
	at jetbrains.mps.ide.ThreadUtils$LogExceptionsRunnable.run(ThreadUtils.java:86)
	at com.intellij.openapi.application.TransactionGuardImpl.runWithWritingAllowed(TransactionGuardImpl.java:240)
	at com.intellij.openapi.application.TransactionGuardImpl.access$100(TransactionGuardImpl.java:25)
	at com.intellij.openapi.application.TransactionGuardImpl$1.run(TransactionGuardImpl.java:202)
	at com.intellij.openapi.application.impl.AnyThreadWriteThreadingSupport.runIntendedWriteActionOnCurrentThread$lambda$7(AnyThreadWriteThreadingSupport.kt:319)
	at com.intellij.openapi.application.impl.AnyThreadWriteThreadingSupport.runWriteIntentReadAction$lambda$6(AnyThreadWriteThreadingSupport.kt:274)
	at com.intellij.openapi.application.impl.AnyThreadWriteThreadingSupport.runWithTemporaryThreadLocal(AnyThreadWriteThreadingSupport.kt:204)
	at com.intellij.openapi.application.impl.AnyThreadWriteThreadingSupport.runWriteIntentReadAction(AnyThreadWriteThreadingSupport.kt:274)
	at com.intellij.openapi.application.impl.AnyThreadWriteThreadingSupport.runWriteIntentReadAction(AnyThreadWriteThreadingSupport.kt:222)
	at com.intellij.openapi.application.impl.AnyThreadWriteThreadingSupport.runIntendedWriteActionOnCurrentThread(AnyThreadWriteThreadingSupport.kt:318)
	at com.intellij.openapi.application.impl.ApplicationImpl.runIntendedWriteActionOnCurrentThread(ApplicationImpl.java:928)
	at com.intellij.openapi.application.impl.ApplicationImpl$4.run(ApplicationImpl.java:501)
	at com.intellij.openapi.application.impl.AppImplKt.rethrowExceptions$lambda$2(appImpl.kt:66)
	at com.intellij.util.concurrency.ChildContext$runInChildContext$1.invoke(propagation.kt:102)
	at com.intellij.util.concurrency.ChildContext$runInChildContext$1.invoke(propagation.kt:102)
	at com.intellij.util.concurrency.ChildContext.runInChildContext(propagation.kt:108)
	at com.intellij.util.concurrency.ChildContext.runInChildContext(propagation.kt:102)
	at com.intellij.util.concurrency.ContextRunnable.run(ContextRunnable.java:27)
	at com.intellij.openapi.application.impl.AppImplKt.rethrowExceptions$lambda$3(appImpl.kt:77)
	at com.intellij.openapi.application.impl.LaterInvocator$1.run(LaterInvocator.java:105)
	at com.intellij.openapi.application.impl.FlushQueue.runNextEvent(FlushQueue.java:117)
	at com.intellij.openapi.application.impl.FlushQueue.flushNow(FlushQueue.java:43)
	at java.desktop/java.awt.event.InvocationEvent.dispatch(InvocationEvent.java:318)
	at java.desktop/java.awt.EventQueue.dispatchEventImpl(EventQueue.java:773)
	at java.desktop/java.awt.EventQueue$4.run(EventQueue.java:720)
	at java.desktop/java.awt.EventQueue$4.run(EventQueue.java:714)
	at java.base/java.security.AccessController.doPrivileged(AccessController.java:400)
	at java.base/java.security.ProtectionDomain$JavaSecurityAccessImpl.doIntersectionPrivilege(ProtectionDomain.java:87)
	at java.desktop/java.awt.EventQueue.dispatchEvent(EventQueue.java:742)
	at com.intellij.ide.IdeEventQueue.defaultDispatchEvent(IdeEventQueue.kt:585)
	at com.intellij.ide.IdeEventQueue._dispatchEvent(IdeEventQueue.kt:482)
	at com.intellij.ide.IdeEventQueue.dispatchEvent$lambda$12$lambda$11$lambda$10$lambda$9(IdeEventQueue.kt:307)
	at com.intellij.openapi.progress.impl.CoreProgressManager.computePrioritized(CoreProgressManager.java:864)
	at com.intellij.ide.IdeEventQueue.dispatchEvent$lambda$12$lambda$11$lambda$10(IdeEventQueue.kt:306)
	at com.intellij.ide.IdeEventQueueKt.performActivity$lambda$3(IdeEventQueue.kt:958)
	at com.intellij.openapi.application.TransactionGuardImpl.performActivity(TransactionGuardImpl.java:109)
	at com.intellij.ide.IdeEventQueueKt.performActivity(IdeEventQueue.kt:958)
	at com.intellij.ide.IdeEventQueue.dispatchEvent$lambda$12(IdeEventQueue.kt:301)
	at com.intellij.ide.IdeEventQueue.dispatchEvent(IdeEventQueue.kt:341)
	at java.desktop/java.awt.EventDispatchThread.pumpOneEventForFilters(EventDispatchThread.java:203)
	at java.desktop/java.awt.EventDispatchThread.pumpEventsForFilter(EventDispatchThread.java:124)
	at java.desktop/java.awt.EventDispatchThread.pumpEventsForHierarchy(EventDispatchThread.java:113)
	at java.desktop/java.awt.EventDispatchThread.pumpEvents(EventDispatchThread.java:109)
	at java.desktop/java.awt.EventDispatchThread.pumpEvents(EventDispatchThread.java:101)
	at java.desktop/java.awt.EventDispatchThread.run(EventDispatchThread.java:90)
	Suppressed: com.intellij.util.ExceptionUtilRt$RethrownStack: Rethrown at
		at com.intellij.util.ExceptionUtilRt.addRethrownStackAsSuppressed(ExceptionUtilRt.java:41)
		at com.intellij.util.ExceptionUtilRt.rethrowUnchecked(ExceptionUtilRt.java:16)
		at com.intellij.util.ExceptionUtil.rethrowUnchecked(ExceptionUtil.java:131)
		at com.intellij.openapi.command.impl.CommandProcessorImpl.finishCommand(CommandProcessorImpl.java:27)
		at com.intellij.openapi.command.impl.CoreCommandProcessor.lambda$executeCommand$1(CoreCommandProcessor.java:236)
		at com.intellij.openapi.progress.impl.CoreProgressManager.lambda$executeNonCancelableSection$3(CoreProgressManager.java:289)
		at com.intellij.openapi.progress.impl.CoreProgressManager.registerIndicatorAndRun(CoreProgressManager.java:755)
		at com.intellij.openapi.progress.impl.CoreProgressManager.computeUnderProgress(CoreProgressManager.java:711)
		at com.intellij.openapi.progress.impl.CoreProgressManager.lambda$computeInNonCancelableSection$4(CoreProgressManager.java:297)
		at com.intellij.openapi.progress.Cancellation.computeInNonCancelableSection(Cancellation.java:139)
		at com.intellij.openapi.progress.impl.CoreProgressManager.computeInNonCancelableSection(CoreProgressManager.java:297)
		at com.intellij.openapi.progress.impl.CoreProgressManager.executeNonCancelableSection(CoreProgressManager.java:288)
		at com.intellij.openapi.command.impl.CoreCommandProcessor.lambda$executeCommand$2(CoreCommandProcessor.java:235)
		... 56 more
]]></error>
<system-out><![CDATA[
unique-id: [engine:junit-jupiter]/[class:jetbrains.mps.kotlin.test.scopes.JavaMemberVisibility_Test]/[method:test_NodeErrorCheck1945927285049879481()]
display-name: test_NodeErrorCheck1945927285049879481()
]]></system-out>
</testcase>
<testcase name="test_NodeErrorCheck7127546540850219579()" classname="jetbrains.mps.kotlin.test.typesystem.NumberIntersections_Test" time="0.221">
<system-out><![CDATA[
unique-id: [engine:junit-jupiter]/[class:jetbrains.mps.kotlin.test.typesystem.NumberIntersections_Test]/[method:test_NodeErrorCheck7127546540850219579()]
display-name: test_NodeErrorCheck7127546540850219579()
]]></system-out>
</testcase>
<testcase name="test_NodeUnknownRuleCheck181124551581818692()" classname="jetbrains.mps.kotlin.test.scopes.StaticInstanceScope_Test" time="0.571">
<system-out><![CDATA[
unique-id: [engine:junit-jupiter]/[class:jetbrains.mps.kotlin.test.scopes.StaticInstanceScope_Test]/[method:test_NodeUnknownRuleCheck181124551581818692()]
display-name: test_NodeUnknownRuleCheck181124551581818692()
]]></system-out>
</testcase>
<testcase name="test_ErrorMessagesCheck8097268326233130609()" classname="jetbrains.mps.kotlin.test.typesystem.NestedLambdas_Test" time="0.556">
<system-out><![CDATA[
unique-id: [engine:junit-jupiter]/[class:jetbrains.mps.kotlin.test.typesystem.NestedLambdas_Test]/[method:test_ErrorMessagesCheck8097268326233130609()]
display-name: test_ErrorMessagesCheck8097268326233130609()
]]></system-out>
</testcase>
<testcase name="test_NodeUnknownRuleCheck181124551581829043()" classname="jetbrains.mps.kotlin.test.scopes.StaticInstanceScope_Test" time="0.584">
<system-out><![CDATA[
unique-id: [engine:junit-jupiter]/[class:jetbrains.mps.kotlin.test.scopes.StaticInstanceScope_Test]/[method:test_NodeUnknownRuleCheck181124551581829043()]
display-name: test_NodeUnknownRuleCheck181124551581829043()
]]></system-out>
</testcase>
<testcase name="test_NodeUnknownRuleCheck8097268326232333011()" classname="jetbrains.mps.kotlin.test.scopes.JavaMemberVisibility_Test" time="0.125">
<system-out><![CDATA[
unique-id: [engine:junit-jupiter]/[class:jetbrains.mps.kotlin.test.scopes.JavaMemberVisibility_Test]/[method:test_NodeUnknownRuleCheck8097268326232333011()]
display-name: test_NodeUnknownRuleCheck8097268326232333011()
]]></system-out>
</testcase>
<system-out><![CDATA[
unique-id: [engine:junit-jupiter]
display-name: JUnit Jupiter
]]></system-out>
</testsuite>
